#
# There is insufficient memory for the Java Runtime Environment to continue.
# Native memory allocation (mmap) failed to map 2195456 bytes for G1 virtual space
# Possible reasons:
#   The system is out of physical RAM or swap space
#   The process is running with CompressedOops enabled, and the Java Heap may be blocking the growth of the native heap
# Possible solutions:
#   Reduce memory load on the system
#   Increase physical memory or swap space
#   Check if swap backing store is full
#   Decrease Java heap size (-Xmx/-Xms)
#   Decrease number of Java threads
#   Decrease Java thread stack sizes (-Xss)
#   Set larger code cache with -XX:ReservedCodeCacheSize=
#   JVM is running with Unscaled Compressed Oops mode in which the Java heap is
#     placed in the first 4GB address space. The Java Heap base address is the
#     maximum limit for the native heap growth. Please use -XX:HeapBaseMinAddress
#     to set the Java Heap base and to place the Java Heap above 4GB virtual address.
# This output file may be truncated or incomplete.
#
#  Out of Memory Error (os_windows.cpp:3769), pid=10980, tid=21648
#
# JRE version: OpenJDK Runtime Environment JBR-17.0.6+10-829.5-jcef (17.0.6+10) (build 17.0.6+10-b829.5)
# Java VM: OpenJDK 64-Bit Server VM JBR-17.0.6+10-829.5-jcef (17.0.6+10-b829.5, mixed mode, tiered, compressed oops, compressed class ptrs, g1 gc, windows-amd64)
# No core dump will be written. Minidumps are not enabled by default on client versions of Windows
#

---------------  S U M M A R Y ------------

Command Line: -Djava.rmi.server.hostname=127.0.0.1 -Duser.timezone=UTC -Xmx750m -Xms128m --add-exports=java.desktop/sun.awt=ALL-UNNAMED --add-exports=java.desktop/java.awt.peer=ALL-UNNAMED --add-opens=java.desktop/java.awt=ALL-UNNAMED --add-opens=jdk.unsupported/sun.misc=ALL-UNNAMED --add-opens=java.base/java.nio=ALL-UNNAMED --add-opens=java.base/java.util=ALL-UNNAMED -Dfile.encoding=UTF-8 com.intellij.database.remote.RemoteJdbcServer com.dbschema.MongoJdbcDriver

Host: Intel(R) Core(TM) i5-7200U CPU @ 2.50GHz, 4 cores, 15G,  Windows 10 , 64 bit Build 19041 (10.0.19041.2788)
Time: Wed May  3 14:59:26 2023 Jerusalem Daylight Time elapsed time: 7.445759 seconds (0d 0h 0m 7s)

---------------  T H R E A D  ---------------

Current thread (0x000002413fc99d60):  VMThread "VM Thread" [stack: 0x000000782da00000,0x000000782db00000] [id=21648]

Stack: [0x000000782da00000,0x000000782db00000]
Native frames: (J=compiled Java code, j=interpreted, Vv=VM code, C=native code)
V  [jvm.dll+0x683b4a]
V  [jvm.dll+0x842654]
V  [jvm.dll+0x843dfe]
V  [jvm.dll+0x844463]
V  [jvm.dll+0x249b75]
V  [jvm.dll+0x680a19]
V  [jvm.dll+0x674f0a]
V  [jvm.dll+0x309acb]
V  [jvm.dll+0x310f86]
V  [jvm.dll+0x360918]
V  [jvm.dll+0x360b1f]
V  [jvm.dll+0x2dfbf8]
V  [jvm.dll+0x2ddec4]
V  [jvm.dll+0x2dd4cc]
V  [jvm.dll+0x321f3b]
V  [jvm.dll+0x84893b]
V  [jvm.dll+0x849674]
V  [jvm.dll+0x849b8d]
V  [jvm.dll+0x849f64]
V  [jvm.dll+0x84a030]
V  [jvm.dll+0x7f25fa]
V  [jvm.dll+0x682985]
C  [ucrtbase.dll+0x21bb2]
C  [KERNEL32.DLL+0x17604]
C  [ntdll.dll+0x526a1]

VM_Operation (0x000000782f6f93b0): G1CollectForAllocation, mode: safepoint, requested by thread 0x0000024142caaf90


---------------  P R O C E S S  ---------------

Threads class SMR info:
_java_thread_list=0x0000024143774e90, length=37, elements={
0x00000241294d0360, 0x000002413fcbca60, 0x000002413fcbdf80, 0x000002413fca96a0,
0x000002413fca9f60, 0x000002414080c840, 0x000002414080d8a0, 0x0000024140811e00,
0x0000024140813640, 0x0000024140816ed0, 0x0000024140972c80, 0x0000024140973560,
0x0000024140d7fac0, 0x0000024140d81a60, 0x0000024140f86030, 0x0000024140f04640,
0x0000024140efc340, 0x0000024140f39270, 0x0000024142939200, 0x00000241413f9a70,
0x000002414294b940, 0x0000024142ca8de0, 0x0000024142caaac0, 0x0000024142caaf90,
0x0000024142ca9c50, 0x0000024142cab930, 0x0000024142cab460, 0x0000024142cabe00,
0x0000024142ca92b0, 0x0000024142ca8440, 0x0000024142caa120, 0x0000024142ca8910,
0x0000024142ca9780, 0x0000024142c59970, 0x0000024142caa5f0, 0x0000024143729d70,
0x000002414372bf20
}

Java Threads: ( => current thread )
  0x00000241294d0360 JavaThread "main" [_thread_blocked, id=19464, stack(0x000000782d400000,0x000000782d500000)]
  0x000002413fcbca60 JavaThread "Reference Handler" daemon [_thread_blocked, id=18304, stack(0x000000782db00000,0x000000782dc00000)]
  0x000002413fcbdf80 JavaThread "Finalizer" daemon [_thread_blocked, id=21772, stack(0x000000782dc00000,0x000000782dd00000)]
  0x000002413fca96a0 JavaThread "Signal Dispatcher" daemon [_thread_blocked, id=2044, stack(0x000000782dd00000,0x000000782de00000)]
  0x000002413fca9f60 JavaThread "Attach Listener" daemon [_thread_blocked, id=18516, stack(0x000000782de00000,0x000000782df00000)]
  0x000002414080c840 JavaThread "Service Thread" daemon [_thread_blocked, id=60, stack(0x000000782df00000,0x000000782e000000)]
  0x000002414080d8a0 JavaThread "Monitor Deflation Thread" daemon [_thread_blocked, id=15464, stack(0x000000782e000000,0x000000782e100000)]
  0x0000024140811e00 JavaThread "C2 CompilerThread0" daemon [_thread_blocked, id=20784, stack(0x000000782e100000,0x000000782e200000)]
  0x0000024140813640 JavaThread "C1 CompilerThread0" daemon [_thread_blocked, id=13780, stack(0x000000782e200000,0x000000782e300000)]
  0x0000024140816ed0 JavaThread "Sweeper thread" daemon [_thread_blocked, id=21052, stack(0x000000782e300000,0x000000782e400000)]
  0x0000024140972c80 JavaThread "Common-Cleaner" daemon [_thread_blocked, id=800, stack(0x000000782e400000,0x000000782e500000)]
  0x0000024140973560 JavaThread "Notification Thread" daemon [_thread_blocked, id=3784, stack(0x000000782e500000,0x000000782e600000)]
  0x0000024140d7fac0 JavaThread "MongoShell ExecutorService" daemon [_thread_blocked, id=19848, stack(0x000000782ea00000,0x000000782eb00000)]
  0x0000024140d81a60 JavaThread "MongoShell ExecutorService" daemon [_thread_blocked, id=7396, stack(0x000000782eb00000,0x000000782ec00000)]
  0x0000024140f86030 JavaThread "RMI TCP Accept-6739" daemon [_thread_in_native, id=11052, stack(0x000000782ec00000,0x000000782ed00000)]
  0x0000024140f04640 JavaThread "RMI TCP Accept-0" daemon [_thread_in_native, id=9456, stack(0x000000782ed00000,0x000000782ee00000)]
  0x0000024140efc340 JavaThread "RMI Reaper" [_thread_blocked, id=20072, stack(0x000000782ee00000,0x000000782ef00000)]
  0x0000024140f39270 JavaThread "RMI GC Daemon" daemon [_thread_blocked, id=12696, stack(0x000000782ef00000,0x000000782f000000)]
  0x0000024142939200 JavaThread "RMI TCP Connection(2)-127.0.0.1" daemon [_thread_in_native, id=17680, stack(0x000000782f100000,0x000000782f200000)]
  0x00000241413f9a70 JavaThread "RMI TCP Connection(1)-127.0.0.1" daemon [_thread_in_native, id=496, stack(0x000000782f200000,0x000000782f300000)]
  0x000002414294b940 JavaThread "RMI TCP Connection(3)-127.0.0.1" daemon [_thread_blocked, id=7812, stack(0x000000782f300000,0x000000782f400000)]
  0x0000024142ca8de0 JavaThread "RMI Scheduler(0)" daemon [_thread_blocked, id=13380, stack(0x000000782f400000,0x000000782f500000)]
  0x0000024142caaac0 JavaThread "RMI TCP Connection(4)-127.0.0.1" daemon [_thread_in_native, id=12300, stack(0x000000782f500000,0x000000782f600000)]
  0x0000024142caaf90 JavaThread "MongoShell ExecutorService" daemon [_thread_blocked, id=19576, stack(0x000000782f600000,0x000000782f700000)]
  0x0000024142ca9c50 JavaThread "Thread-1" daemon [_thread_in_native, id=16460, stack(0x000000782f700000,0x000000782f800000)]
  0x0000024142cab930 JavaThread "BufferPoolPruner-1-thread-1" daemon [_thread_blocked, id=20696, stack(0x000000782f000000,0x000000782f100000)]
  0x0000024142cab460 JavaThread "cluster-ClusterId{value='64524c9860e47f73bc60b962', description='DataGrip'}-srv-bestsites.mtxy2.mongodb.net" daemon [_thread_blocked, id=14404, stack(0x000000782f800000,0x000000782f900000)]
  0x0000024142cabe00 JavaThread "cluster-ClusterId{value='64524c9860e47f73bc60b962', description='DataGrip'}-bestsites-shard-00-00.mtxy2.mongodb.net:27017" daemon [_thread_in_native, id=4788, stack(0x000000782f900000,0x000000782fa00000)]
  0x0000024142ca92b0 JavaThread "cluster-rtt-ClusterId{value='64524c9860e47f73bc60b962', description='DataGrip'}-bestsites-shard-00-00.mtxy2.mongodb.net:27017" daemon [_thread_blocked, id=2800, stack(0x000000782fa00000,0x000000782fb00000)]
  0x0000024142ca8440 JavaThread "cluster-ClusterId{value='64524c9860e47f73bc60b962', description='DataGrip'}-bestsites-shard-00-02.mtxy2.mongodb.net:27017" daemon [_thread_in_native, id=7800, stack(0x000000782fb00000,0x000000782fc00000)]
  0x0000024142caa120 JavaThread "cluster-rtt-ClusterId{value='64524c9860e47f73bc60b962', description='DataGrip'}-bestsites-shard-00-02.mtxy2.mongodb.net:27017" daemon [_thread_blocked, id=12228, stack(0x000000782fc00000,0x000000782fd00000)]
  0x0000024142ca8910 JavaThread "cluster-ClusterId{value='64524c9860e47f73bc60b962', description='DataGrip'}-bestsites-shard-00-01.mtxy2.mongodb.net:27017" daemon [_thread_in_native, id=8228, stack(0x000000782fd00000,0x000000782fe00000)]
  0x0000024142ca9780 JavaThread "cluster-rtt-ClusterId{value='64524c9860e47f73bc60b962', description='DataGrip'}-bestsites-shard-00-01.mtxy2.mongodb.net:27017" daemon [_thread_blocked, id=21384, stack(0x000000782fe00000,0x000000782ff00000)]
  0x0000024142c59970 JavaThread "C2 CompilerThread1" daemon [_thread_blocked, id=20740, stack(0x000000782ff00000,0x0000007830000000)]
  0x0000024142caa5f0 JavaThread "MaintenanceTimer-4-thread-1" daemon [_thread_blocked, id=19636, stack(0x0000007830100000,0x0000007830200000)]
  0x0000024143729d70 JavaThread "MaintenanceTimer-2-thread-1" daemon [_thread_blocked, id=7288, stack(0x0000007830200000,0x0000007830300000)]
  0x000002414372bf20 JavaThread "MaintenanceTimer-3-thread-1" daemon [_thread_blocked, id=21560, stack(0x0000007830300000,0x0000007830400000)]

Other Threads:
=>0x000002413fc99d60 VMThread "VM Thread" [stack: 0x000000782da00000,0x000000782db00000] [id=21648]
  0x00000241409638f0 WatcherThread [stack: 0x000000782e600000,0x000000782e700000] [id=1664]
  0x00000241295020b0 GCTaskThread "GC Thread#0" [stack: 0x000000782d500000,0x000000782d600000] [id=21180]
  0x0000024140ce0460 GCTaskThread "GC Thread#1" [stack: 0x000000782e700000,0x000000782e800000] [id=14864]
  0x0000024140d43040 GCTaskThread "GC Thread#2" [stack: 0x000000782e800000,0x000000782e900000] [id=11972]
  0x0000024140d4cee0 GCTaskThread "GC Thread#3" [stack: 0x000000782e900000,0x000000782ea00000] [id=19880]
  0x0000024129508cc0 ConcurrentGCThread "G1 Main Marker" [stack: 0x000000782d600000,0x000000782d700000] [id=20504]
  0x0000024129509d80 ConcurrentGCThread "G1 Conc#0" [stack: 0x000000782d700000,0x000000782d800000] [id=14588]
  0x00000241295824d0 ConcurrentGCThread "G1 Refine#0" [stack: 0x000000782d800000,0x000000782d900000] [id=7992]
  0x00000241429576c0 ConcurrentGCThread "G1 Refine#1" [stack: 0x0000007830400000,0x0000007830500000] [id=20144]
  0x00000241447f8890 ConcurrentGCThread "G1 Refine#2" [stack: 0x0000007830500000,0x0000007830600000] [id=18664]
  0x00000241442fdf90 ConcurrentGCThread "G1 Refine#3" [stack: 0x0000007830600000,0x0000007830700000] [id=20288]
  0x0000024129582e00 ConcurrentGCThread "G1 Service" [stack: 0x000000782d900000,0x000000782da00000] [id=12168]

Threads with active compile tasks:
C2 CompilerThread0     7495 4239       4       com.oracle.js.parser.Lexer::valueOfIdent (174 bytes)
C2 CompilerThread1     7495 4206   !   4       com.oracle.js.parser.Parser::propertyDefinition (860 bytes)

VM state: at safepoint (normal execution)

VM Mutex/Monitor currently owned by a thread:  ([mutex/lock_event])
[0x00000241294ce7f0] Threads_lock - owner thread: 0x000002413fc99d60
[0x00000241294ce9a0] Heap_lock - owner thread: 0x0000024142caaf90

Heap address: 0x00000000d1200000, size: 750 MB, Compressed Oops mode: 32-bit

CDS archive(s) not mapped
Compressed class space mapped at: 0x0000000100000000-0x0000000140000000, reserved size: 1073741824
Narrow klass base: 0x0000000000000000, Narrow klass shift: 3, Narrow klass range: 0x140000000

GC Precious Log:
 CPUs: 4 total, 4 available
 Memory: 16249M
 Large Page Support: Disabled
 NUMA Support: Disabled
 Compressed Oops: Enabled (32-bit)
 Heap Region Size: 1M
 Heap Min Capacity: 128M
 Heap Initial Capacity: 128M
 Heap Max Capacity: 750M
 Pre-touch: Disabled
 Parallel Workers: 4
 Concurrent Workers: 1
 Concurrent Refinement Workers: 4
 Periodic GC: Disabled

Heap:
 garbage-first heap   total 250880K, used 175104K [0x00000000d1200000, 0x0000000100000000)
  region size 1024K, 5 young (5120K), 5 survivors (5120K)
 Metaspace       used 43493K, committed 43840K, reserved 1089536K
  class space    used 4832K, committed 4992K, reserved 1048576K

Heap Regions: E=young(eden), S=young(survivor), O=old, HS=humongous(starts), HC=humongous(continues), CS=collection set, F=free, OA=open archive, CA=closed archive, TAMS=top-at-mark-start (previous, next)
|   0|0x00000000d1200000, 0x00000000d1300000, 0x00000000d1300000|100%|HS|  |TAMS 0x00000000d1300000, 0x00000000d1300000| Complete 
|   1|0x00000000d1300000, 0x00000000d1400000, 0x00000000d1400000|100%|HC|  |TAMS 0x00000000d1400000, 0x00000000d1400000| Complete 
|   2|0x00000000d1400000, 0x00000000d1500000, 0x00000000d1500000|100%| O|  |TAMS 0x00000000d1500000, 0x00000000d1500000| Untracked 
|   3|0x00000000d1500000, 0x00000000d1600000, 0x00000000d1600000|100%| O|  |TAMS 0x00000000d1600000, 0x00000000d1600000| Untracked 
|   4|0x00000000d1600000, 0x00000000d1700000, 0x00000000d1700000|100%| O|  |TAMS 0x00000000d1700000, 0x00000000d1700000| Untracked 
|   5|0x00000000d1700000, 0x00000000d1800000, 0x00000000d1800000|100%| O|  |TAMS 0x00000000d1800000, 0x00000000d1800000| Untracked 
|   6|0x00000000d1800000, 0x00000000d1900000, 0x00000000d1900000|100%| O|  |TAMS 0x00000000d1900000, 0x00000000d1900000| Untracked 
|   7|0x00000000d1900000, 0x00000000d1a00000, 0x00000000d1a00000|100%| O|  |TAMS 0x00000000d1a00000, 0x00000000d1a00000| Untracked 
|   8|0x00000000d1a00000, 0x00000000d1b00000, 0x00000000d1b00000|100%| O|  |TAMS 0x00000000d1b00000, 0x00000000d1b00000| Untracked 
|   9|0x00000000d1b00000, 0x00000000d1c00000, 0x00000000d1c00000|100%| O|  |TAMS 0x00000000d1b00000, 0x00000000d1c00000| Untracked 
|  10|0x00000000d1c00000, 0x00000000d1d00000, 0x00000000d1d00000|100%| O|  |TAMS 0x00000000d1d00000, 0x00000000d1d00000| Untracked 
|  11|0x00000000d1d00000, 0x00000000d1e00000, 0x00000000d1e00000|100%| O|  |TAMS 0x00000000d1e00000, 0x00000000d1e00000| Untracked 
|  12|0x00000000d1e00000, 0x00000000d1f00000, 0x00000000d1f00000|100%| O|  |TAMS 0x00000000d1f00000, 0x00000000d1f00000| Untracked 
|  13|0x00000000d1f00000, 0x00000000d2000000, 0x00000000d2000000|100%|HS|  |TAMS 0x00000000d2000000, 0x00000000d2000000| Complete 
|  14|0x00000000d2000000, 0x00000000d2100000, 0x00000000d2100000|100%|HC|  |TAMS 0x00000000d2100000, 0x00000000d2100000| Complete 
|  15|0x00000000d2100000, 0x00000000d2200000, 0x00000000d2200000|100%|HS|  |TAMS 0x00000000d2200000, 0x00000000d2200000| Complete 
|  16|0x00000000d2200000, 0x00000000d2300000, 0x00000000d2300000|100%|HC|  |TAMS 0x00000000d2300000, 0x00000000d2300000| Complete 
|  17|0x00000000d2300000, 0x00000000d2400000, 0x00000000d2400000|100%|HS|  |TAMS 0x00000000d2400000, 0x00000000d2400000| Complete 
|  18|0x00000000d2400000, 0x00000000d2500000, 0x00000000d2500000|100%|HC|  |TAMS 0x00000000d2500000, 0x00000000d2500000| Complete 
|  19|0x00000000d2500000, 0x00000000d2600000, 0x00000000d2600000|100%| O|  |TAMS 0x00000000d2600000, 0x00000000d2600000| Untracked 
|  20|0x00000000d2600000, 0x00000000d2700000, 0x00000000d2700000|100%| O|  |TAMS 0x00000000d2700000, 0x00000000d2700000| Untracked 
|  21|0x00000000d2700000, 0x00000000d2800000, 0x00000000d2800000|100%| O|  |TAMS 0x00000000d2800000, 0x00000000d2800000| Untracked 
|  22|0x00000000d2800000, 0x00000000d2900000, 0x00000000d2900000|100%| O|  |TAMS 0x00000000d2900000, 0x00000000d2900000| Untracked 
|  23|0x00000000d2900000, 0x00000000d2a00000, 0x00000000d2a00000|100%| O|  |TAMS 0x00000000d2a00000, 0x00000000d2a00000| Untracked 
|  24|0x00000000d2a00000, 0x00000000d2b00000, 0x00000000d2b00000|100%| O|  |TAMS 0x00000000d2b00000, 0x00000000d2b00000| Untracked 
|  25|0x00000000d2b00000, 0x00000000d2c00000, 0x00000000d2c00000|100%| O|  |TAMS 0x00000000d2c00000, 0x00000000d2c00000| Untracked 
|  26|0x00000000d2c00000, 0x00000000d2d00000, 0x00000000d2d00000|100%| O|  |TAMS 0x00000000d2d00000, 0x00000000d2d00000| Untracked 
|  27|0x00000000d2d00000, 0x00000000d2e00000, 0x00000000d2e00000|100%| O|  |TAMS 0x00000000d2e00000, 0x00000000d2e00000| Untracked 
|  28|0x00000000d2e00000, 0x00000000d2f00000, 0x00000000d2f00000|100%| O|  |TAMS 0x00000000d2f00000, 0x00000000d2f00000| Untracked 
|  29|0x00000000d2f00000, 0x00000000d3000000, 0x00000000d3000000|100%| O|  |TAMS 0x00000000d3000000, 0x00000000d3000000| Untracked 
|  30|0x00000000d3000000, 0x00000000d3100000, 0x00000000d3100000|100%| O|  |TAMS 0x00000000d3100000, 0x00000000d3100000| Untracked 
|  31|0x00000000d3100000, 0x00000000d3200000, 0x00000000d3200000|100%| O|  |TAMS 0x00000000d3200000, 0x00000000d3200000| Untracked 
|  32|0x00000000d3200000, 0x00000000d3300000, 0x00000000d3300000|100%| O|  |TAMS 0x00000000d3300000, 0x00000000d3300000| Untracked 
|  33|0x00000000d3300000, 0x00000000d3400000, 0x00000000d3400000|100%| O|  |TAMS 0x00000000d3400000, 0x00000000d3400000| Untracked 
|  34|0x00000000d3400000, 0x00000000d3500000, 0x00000000d3500000|100%| O|  |TAMS 0x00000000d3500000, 0x00000000d3500000| Untracked 
|  35|0x00000000d3500000, 0x00000000d3600000, 0x00000000d3600000|100%| O|  |TAMS 0x00000000d3600000, 0x00000000d3600000| Untracked 
|  36|0x00000000d3600000, 0x00000000d3700000, 0x00000000d3700000|100%| O|  |TAMS 0x00000000d3700000, 0x00000000d3700000| Untracked 
|  37|0x00000000d3700000, 0x00000000d3800000, 0x00000000d3800000|100%| O|  |TAMS 0x00000000d3800000, 0x00000000d3800000| Untracked 
|  38|0x00000000d3800000, 0x00000000d3900000, 0x00000000d3900000|100%| O|  |TAMS 0x00000000d3900000, 0x00000000d3900000| Untracked 
|  39|0x00000000d3900000, 0x00000000d3a00000, 0x00000000d3a00000|100%| O|  |TAMS 0x00000000d3a00000, 0x00000000d3a00000| Untracked 
|  40|0x00000000d3a00000, 0x00000000d3b00000, 0x00000000d3b00000|100%| O|  |TAMS 0x00000000d3b00000, 0x00000000d3b00000| Untracked 
|  41|0x00000000d3b00000, 0x00000000d3c00000, 0x00000000d3c00000|100%| O|  |TAMS 0x00000000d3c00000, 0x00000000d3c00000| Untracked 
|  42|0x00000000d3c00000, 0x00000000d3d00000, 0x00000000d3d00000|100%| O|  |TAMS 0x00000000d3d00000, 0x00000000d3d00000| Untracked 
|  43|0x00000000d3d00000, 0x00000000d3e00000, 0x00000000d3e00000|100%| O|  |TAMS 0x00000000d3e00000, 0x00000000d3e00000| Untracked 
|  44|0x00000000d3e00000, 0x00000000d3f00000, 0x00000000d3f00000|100%| O|  |TAMS 0x00000000d3f00000, 0x00000000d3f00000| Untracked 
|  45|0x00000000d3f00000, 0x00000000d4000000, 0x00000000d4000000|100%| O|  |TAMS 0x00000000d4000000, 0x00000000d4000000| Untracked 
|  46|0x00000000d4000000, 0x00000000d4100000, 0x00000000d4100000|100%| O|  |TAMS 0x00000000d4100000, 0x00000000d4100000| Untracked 
|  47|0x00000000d4100000, 0x00000000d4200000, 0x00000000d4200000|100%| O|  |TAMS 0x00000000d4200000, 0x00000000d4200000| Untracked 
|  48|0x00000000d4200000, 0x00000000d4300000, 0x00000000d4300000|100%| O|  |TAMS 0x00000000d4300000, 0x00000000d4300000| Untracked 
|  49|0x00000000d4300000, 0x00000000d4400000, 0x00000000d4400000|100%| O|  |TAMS 0x00000000d4400000, 0x00000000d4400000| Untracked 
|  50|0x00000000d4400000, 0x00000000d4500000, 0x00000000d4500000|100%| O|  |TAMS 0x00000000d4500000, 0x00000000d4500000| Untracked 
|  51|0x00000000d4500000, 0x00000000d4600000, 0x00000000d4600000|100%| O|  |TAMS 0x00000000d4600000, 0x00000000d4600000| Untracked 
|  52|0x00000000d4600000, 0x00000000d4700000, 0x00000000d4700000|100%| O|  |TAMS 0x00000000d4700000, 0x00000000d4700000| Untracked 
|  53|0x00000000d4700000, 0x00000000d4800000, 0x00000000d4800000|100%| O|  |TAMS 0x00000000d4800000, 0x00000000d4800000| Untracked 
|  54|0x00000000d4800000, 0x00000000d4900000, 0x00000000d4900000|100%| O|  |TAMS 0x00000000d4900000, 0x00000000d4900000| Untracked 
|  55|0x00000000d4900000, 0x00000000d4a00000, 0x00000000d4a00000|100%| O|  |TAMS 0x00000000d4a00000, 0x00000000d4a00000| Untracked 
|  56|0x00000000d4a00000, 0x00000000d4b00000, 0x00000000d4b00000|100%| O|  |TAMS 0x00000000d4b00000, 0x00000000d4b00000| Untracked 
|  57|0x00000000d4b00000, 0x00000000d4c00000, 0x00000000d4c00000|100%| O|  |TAMS 0x00000000d4c00000, 0x00000000d4c00000| Untracked 
|  58|0x00000000d4c00000, 0x00000000d4d00000, 0x00000000d4d00000|100%| O|  |TAMS 0x00000000d4d00000, 0x00000000d4d00000| Untracked 
|  59|0x00000000d4d00000, 0x00000000d4e00000, 0x00000000d4e00000|100%| O|  |TAMS 0x00000000d4e00000, 0x00000000d4e00000| Untracked 
|  60|0x00000000d4e00000, 0x00000000d4f00000, 0x00000000d4f00000|100%| O|  |TAMS 0x00000000d4f00000, 0x00000000d4f00000| Untracked 
|  61|0x00000000d4f00000, 0x00000000d5000000, 0x00000000d5000000|100%| O|  |TAMS 0x00000000d5000000, 0x00000000d5000000| Untracked 
|  62|0x00000000d5000000, 0x00000000d5100000, 0x00000000d5100000|100%| O|  |TAMS 0x00000000d5100000, 0x00000000d5100000| Untracked 
|  63|0x00000000d5100000, 0x00000000d5200000, 0x00000000d5200000|100%| O|  |TAMS 0x00000000d5200000, 0x00000000d5200000| Untracked 
|  64|0x00000000d5200000, 0x00000000d5300000, 0x00000000d5300000|100%| O|  |TAMS 0x00000000d5300000, 0x00000000d5300000| Untracked 
|  65|0x00000000d5300000, 0x00000000d5400000, 0x00000000d5400000|100%| O|  |TAMS 0x00000000d5400000, 0x00000000d5400000| Untracked 
|  66|0x00000000d5400000, 0x00000000d5500000, 0x00000000d5500000|100%| O|  |TAMS 0x00000000d5500000, 0x00000000d5500000| Untracked 
|  67|0x00000000d5500000, 0x00000000d5600000, 0x00000000d5600000|100%| O|  |TAMS 0x00000000d5600000, 0x00000000d5600000| Untracked 
|  68|0x00000000d5600000, 0x00000000d5700000, 0x00000000d5700000|100%| O|  |TAMS 0x00000000d5700000, 0x00000000d5700000| Untracked 
|  69|0x00000000d5700000, 0x00000000d5800000, 0x00000000d5800000|100%| O|  |TAMS 0x00000000d5800000, 0x00000000d5800000| Untracked 
|  70|0x00000000d5800000, 0x00000000d5900000, 0x00000000d5900000|100%| O|  |TAMS 0x00000000d5900000, 0x00000000d5900000| Untracked 
|  71|0x00000000d5900000, 0x00000000d5a00000, 0x00000000d5a00000|100%| O|  |TAMS 0x00000000d5a00000, 0x00000000d5a00000| Untracked 
|  72|0x00000000d5a00000, 0x00000000d5b00000, 0x00000000d5b00000|100%| O|  |TAMS 0x00000000d5b00000, 0x00000000d5b00000| Untracked 
|  73|0x00000000d5b00000, 0x00000000d5c00000, 0x00000000d5c00000|100%| O|  |TAMS 0x00000000d5c00000, 0x00000000d5c00000| Untracked 
|  74|0x00000000d5c00000, 0x00000000d5d00000, 0x00000000d5d00000|100%| O|  |TAMS 0x00000000d5d00000, 0x00000000d5d00000| Untracked 
|  75|0x00000000d5d00000, 0x00000000d5e00000, 0x00000000d5e00000|100%| O|  |TAMS 0x00000000d5e00000, 0x00000000d5e00000| Untracked 
|  76|0x00000000d5e00000, 0x00000000d5f00000, 0x00000000d5f00000|100%| O|  |TAMS 0x00000000d5f00000, 0x00000000d5f00000| Untracked 
|  77|0x00000000d5f00000, 0x00000000d6000000, 0x00000000d6000000|100%| O|  |TAMS 0x00000000d6000000, 0x00000000d6000000| Untracked 
|  78|0x00000000d6000000, 0x00000000d6100000, 0x00000000d6100000|100%| O|  |TAMS 0x00000000d6100000, 0x00000000d6100000| Untracked 
|  79|0x00000000d6100000, 0x00000000d6200000, 0x00000000d6200000|100%| O|  |TAMS 0x00000000d6200000, 0x00000000d6200000| Untracked 
|  80|0x00000000d6200000, 0x00000000d6300000, 0x00000000d6300000|100%| O|  |TAMS 0x00000000d6280000, 0x00000000d6300000| Untracked 
|  81|0x00000000d6300000, 0x00000000d6400000, 0x00000000d6400000|100%| O|  |TAMS 0x00000000d6300000, 0x00000000d6400000| Untracked 
|  82|0x00000000d6400000, 0x00000000d6500000, 0x00000000d6500000|100%| O|  |TAMS 0x00000000d6400000, 0x00000000d6500000| Untracked 
|  83|0x00000000d6500000, 0x00000000d6600000, 0x00000000d6600000|100%| O|  |TAMS 0x00000000d6500000, 0x00000000d6600000| Untracked 
|  84|0x00000000d6600000, 0x00000000d6700000, 0x00000000d6700000|100%| O|  |TAMS 0x00000000d6600000, 0x00000000d6700000| Untracked 
|  85|0x00000000d6700000, 0x00000000d6800000, 0x00000000d6800000|100%| O|  |TAMS 0x00000000d6700000, 0x00000000d6800000| Untracked 
|  86|0x00000000d6800000, 0x00000000d6900000, 0x00000000d6900000|100%|HS|  |TAMS 0x00000000d6900000, 0x00000000d6900000| Complete 
|  87|0x00000000d6900000, 0x00000000d6a00000, 0x00000000d6a00000|100%|HC|  |TAMS 0x00000000d6a00000, 0x00000000d6a00000| Complete 
|  88|0x00000000d6a00000, 0x00000000d6b00000, 0x00000000d6b00000|100%|HC|  |TAMS 0x00000000d6b00000, 0x00000000d6b00000| Complete 
|  89|0x00000000d6b00000, 0x00000000d6c00000, 0x00000000d6c00000|100%|HC|  |TAMS 0x00000000d6c00000, 0x00000000d6c00000| Complete 
|  90|0x00000000d6c00000, 0x00000000d6d00000, 0x00000000d6d00000|100%|HC|  |TAMS 0x00000000d6d00000, 0x00000000d6d00000| Complete 
|  91|0x00000000d6d00000, 0x00000000d6e00000, 0x00000000d6e00000|100%|HC|  |TAMS 0x00000000d6e00000, 0x00000000d6e00000| Complete 
|  92|0x00000000d6e00000, 0x00000000d6f00000, 0x00000000d6f00000|100%|HC|  |TAMS 0x00000000d6f00000, 0x00000000d6f00000| Complete 
|  93|0x00000000d6f00000, 0x00000000d7000000, 0x00000000d7000000|100%|HC|  |TAMS 0x00000000d7000000, 0x00000000d7000000| Complete 
|  94|0x00000000d7000000, 0x00000000d7100000, 0x00000000d7100000|100%|HC|  |TAMS 0x00000000d7100000, 0x00000000d7100000| Complete 
|  95|0x00000000d7100000, 0x00000000d7200000, 0x00000000d7200000|100%|HC|  |TAMS 0x00000000d7200000, 0x00000000d7200000| Complete 
|  96|0x00000000d7200000, 0x00000000d7300000, 0x00000000d7300000|100%|HC|  |TAMS 0x00000000d7300000, 0x00000000d7300000| Complete 
|  97|0x00000000d7300000, 0x00000000d7400000, 0x00000000d7400000|100%|HC|  |TAMS 0x00000000d7400000, 0x00000000d7400000| Complete 
|  98|0x00000000d7400000, 0x00000000d7500000, 0x00000000d7500000|100%|HC|  |TAMS 0x00000000d7500000, 0x00000000d7500000| Complete 
|  99|0x00000000d7500000, 0x00000000d7600000, 0x00000000d7600000|100%|HC|  |TAMS 0x00000000d7600000, 0x00000000d7600000| Complete 
| 100|0x00000000d7600000, 0x00000000d7700000, 0x00000000d7700000|100%|HC|  |TAMS 0x00000000d7700000, 0x00000000d7700000| Complete 
| 101|0x00000000d7700000, 0x00000000d7800000, 0x00000000d7800000|100%|HC|  |TAMS 0x00000000d7800000, 0x00000000d7800000| Complete 
| 102|0x00000000d7800000, 0x00000000d7900000, 0x00000000d7900000|100%|HC|  |TAMS 0x00000000d7900000, 0x00000000d7900000| Complete 
| 103|0x00000000d7900000, 0x00000000d7a00000, 0x00000000d7a00000|100%|HC|  |TAMS 0x00000000d7a00000, 0x00000000d7a00000| Complete 
| 104|0x00000000d7a00000, 0x00000000d7b00000, 0x00000000d7b00000|100%|HC|  |TAMS 0x00000000d7b00000, 0x00000000d7b00000| Complete 
| 105|0x00000000d7b00000, 0x00000000d7c00000, 0x00000000d7c00000|100%|HC|  |TAMS 0x00000000d7c00000, 0x00000000d7c00000| Complete 
| 106|0x00000000d7c00000, 0x00000000d7d00000, 0x00000000d7d00000|100%|HC|  |TAMS 0x00000000d7d00000, 0x00000000d7d00000| Complete 
| 107|0x00000000d7d00000, 0x00000000d7e00000, 0x00000000d7e00000|100%|HC|  |TAMS 0x00000000d7e00000, 0x00000000d7e00000| Complete 
| 108|0x00000000d7e00000, 0x00000000d7f00000, 0x00000000d7f00000|100%|HC|  |TAMS 0x00000000d7f00000, 0x00000000d7f00000| Complete 
| 109|0x00000000d7f00000, 0x00000000d8000000, 0x00000000d8000000|100%|HC|  |TAMS 0x00000000d8000000, 0x00000000d8000000| Complete 
| 110|0x00000000d8000000, 0x00000000d8100000, 0x00000000d8100000|100%|HC|  |TAMS 0x00000000d8100000, 0x00000000d8100000| Complete 
| 111|0x00000000d8100000, 0x00000000d8200000, 0x00000000d8200000|100%|HC|  |TAMS 0x00000000d8200000, 0x00000000d8200000| Complete 
| 112|0x00000000d8200000, 0x00000000d8300000, 0x00000000d8300000|100%|HC|  |TAMS 0x00000000d8300000, 0x00000000d8300000| Complete 
| 113|0x00000000d8300000, 0x00000000d8400000, 0x00000000d8400000|100%|HC|  |TAMS 0x00000000d8400000, 0x00000000d8400000| Complete 
| 114|0x00000000d8400000, 0x00000000d8500000, 0x00000000d8500000|100%|HC|  |TAMS 0x00000000d8500000, 0x00000000d8500000| Complete 
| 115|0x00000000d8500000, 0x00000000d8600000, 0x00000000d8600000|100%|HC|  |TAMS 0x00000000d8600000, 0x00000000d8600000| Complete 
| 116|0x00000000d8600000, 0x00000000d8700000, 0x00000000d8700000|100%|HC|  |TAMS 0x00000000d8700000, 0x00000000d8700000| Complete 
| 117|0x00000000d8700000, 0x00000000d8800000, 0x00000000d8800000|100%| O|  |TAMS 0x00000000d8700000, 0x00000000d8800000| Untracked 
| 118|0x00000000d8800000, 0x00000000d8900000, 0x00000000d8900000|100%| O|  |TAMS 0x00000000d8800000, 0x00000000d8900000| Untracked 
| 119|0x00000000d8900000, 0x00000000d8a00000, 0x00000000d8a00000|100%| O|  |TAMS 0x00000000d8900000, 0x00000000d8a00000| Untracked 
| 120|0x00000000d8a00000, 0x00000000d8b00000, 0x00000000d8b00000|100%| O|  |TAMS 0x00000000d8a00000, 0x00000000d8b00000| Untracked 
| 121|0x00000000d8b00000, 0x00000000d8c00000, 0x00000000d8c00000|100%| O|  |TAMS 0x00000000d8b00000, 0x00000000d8c00000| Untracked 
| 122|0x00000000d8c00000, 0x00000000d8d00000, 0x00000000d8d00000|100%| O|  |TAMS 0x00000000d8c00000, 0x00000000d8d00000| Untracked 
| 123|0x00000000d8d00000, 0x00000000d8e00000, 0x00000000d8e00000|100%| O|  |TAMS 0x00000000d8d00000, 0x00000000d8e00000| Untracked 
| 124|0x00000000d8e00000, 0x00000000d8f00000, 0x00000000d8f00000|100%| O|  |TAMS 0x00000000d8e00000, 0x00000000d8f00000| Untracked 
| 125|0x00000000d8f00000, 0x00000000d9000000, 0x00000000d9000000|100%| O|  |TAMS 0x00000000d8f00000, 0x00000000d9000000| Untracked 
| 126|0x00000000d9000000, 0x00000000d9100000, 0x00000000d9100000|100%| O|  |TAMS 0x00000000d9000000, 0x00000000d9100000| Untracked 
| 127|0x00000000d9100000, 0x00000000d9200000, 0x00000000d9200000|100%| O|  |TAMS 0x00000000d9100000, 0x00000000d9200000| Untracked 
| 128|0x00000000d9200000, 0x00000000d9300000, 0x00000000d9300000|100%| O|  |TAMS 0x00000000d9200000, 0x00000000d9300000| Untracked 
| 129|0x00000000d9300000, 0x00000000d9400000, 0x00000000d9400000|100%| O|  |TAMS 0x00000000d9300000, 0x00000000d9400000| Untracked 
| 130|0x00000000d9400000, 0x00000000d9500000, 0x00000000d9500000|100%| O|  |TAMS 0x00000000d9400000, 0x00000000d9500000| Untracked 
| 131|0x00000000d9500000, 0x00000000d9600000, 0x00000000d9600000|100%| O|  |TAMS 0x00000000d9500000, 0x00000000d9600000| Untracked 
| 132|0x00000000d9600000, 0x00000000d9700000, 0x00000000d9700000|100%| O|  |TAMS 0x00000000d9600000, 0x00000000d9700000| Untracked 
| 133|0x00000000d9700000, 0x00000000d9800000, 0x00000000d9800000|100%| O|  |TAMS 0x00000000d9700000, 0x00000000d9800000| Untracked 
| 134|0x00000000d9800000, 0x00000000d9900000, 0x00000000d9900000|100%| O|  |TAMS 0x00000000d9800000, 0x00000000d9900000| Untracked 
| 135|0x00000000d9900000, 0x00000000d9a00000, 0x00000000d9a00000|100%| O|  |TAMS 0x00000000d9900000, 0x00000000d9a00000| Untracked 
| 136|0x00000000d9a00000, 0x00000000d9b00000, 0x00000000d9b00000|100%| O|  |TAMS 0x00000000d9a00000, 0x00000000d9b00000| Untracked 
| 137|0x00000000d9b00000, 0x00000000d9c00000, 0x00000000d9c00000|100%| O|  |TAMS 0x00000000d9b00000, 0x00000000d9c00000| Untracked 
| 138|0x00000000d9c00000, 0x00000000d9d00000, 0x00000000d9d00000|100%| O|  |TAMS 0x00000000d9c00000, 0x00000000d9d00000| Untracked 
| 139|0x00000000d9d00000, 0x00000000d9e00000, 0x00000000d9e00000|100%| O|  |TAMS 0x00000000d9d00000, 0x00000000d9e00000| Untracked 
| 140|0x00000000d9e00000, 0x00000000d9f00000, 0x00000000d9f00000|100%| O|  |TAMS 0x00000000d9e00000, 0x00000000d9f00000| Untracked 
| 141|0x00000000d9f00000, 0x00000000da000000, 0x00000000da000000|100%| O|  |TAMS 0x00000000d9f00000, 0x00000000da000000| Untracked 
| 142|0x00000000da000000, 0x00000000da100000, 0x00000000da100000|100%| O|  |TAMS 0x00000000da000000, 0x00000000da100000| Untracked 
| 143|0x00000000da100000, 0x00000000da200000, 0x00000000da200000|100%| O|  |TAMS 0x00000000da100000, 0x00000000da200000| Untracked 
| 144|0x00000000da200000, 0x00000000da300000, 0x00000000da300000|100%| O|  |TAMS 0x00000000da200000, 0x00000000da300000| Untracked 
| 145|0x00000000da300000, 0x00000000da400000, 0x00000000da400000|100%| O|  |TAMS 0x00000000da300000, 0x00000000da400000| Untracked 
| 146|0x00000000da400000, 0x00000000da500000, 0x00000000da500000|100%| O|  |TAMS 0x00000000da400000, 0x00000000da500000| Untracked 
| 147|0x00000000da500000, 0x00000000da600000, 0x00000000da600000|100%| O|  |TAMS 0x00000000da500000, 0x00000000da600000| Untracked 
| 148|0x00000000da600000, 0x00000000da700000, 0x00000000da700000|100%| O|  |TAMS 0x00000000da600000, 0x00000000da6eac00| Untracked 
| 149|0x00000000da700000, 0x00000000da800000, 0x00000000da800000|100%| O|  |TAMS 0x00000000da700000, 0x00000000da700000| Untracked 
| 150|0x00000000da800000, 0x00000000da900000, 0x00000000da900000|100%| O|  |TAMS 0x00000000da800000, 0x00000000da800000| Untracked 
| 151|0x00000000da900000, 0x00000000daa00000, 0x00000000daa00000|100%| O|  |TAMS 0x00000000da900000, 0x00000000da900000| Untracked 
| 152|0x00000000daa00000, 0x00000000dab00000, 0x00000000dab00000|100%| O|  |TAMS 0x00000000daa00000, 0x00000000daa00000| Untracked 
| 153|0x00000000dab00000, 0x00000000dac00000, 0x00000000dac00000|100%| O|  |TAMS 0x00000000dab00000, 0x00000000dab00000| Untracked 
| 154|0x00000000dac00000, 0x00000000dad00000, 0x00000000dad00000|100%| O|  |TAMS 0x00000000dac00000, 0x00000000dac00000| Untracked 
| 155|0x00000000dad00000, 0x00000000dae00000, 0x00000000dae00000|100%| O|  |TAMS 0x00000000dad00000, 0x00000000dad00000| Untracked 
| 156|0x00000000dae00000, 0x00000000daf00000, 0x00000000daf00000|100%| O|  |TAMS 0x00000000dae00000, 0x00000000dae00000| Untracked 
| 157|0x00000000daf00000, 0x00000000db000000, 0x00000000db000000|100%| O|  |TAMS 0x00000000daf00000, 0x00000000daf00000| Untracked 
| 158|0x00000000db000000, 0x00000000db100000, 0x00000000db100000|100%| O|  |TAMS 0x00000000db000000, 0x00000000db000000| Untracked 
| 159|0x00000000db100000, 0x00000000db200000, 0x00000000db200000|100%| O|  |TAMS 0x00000000db100000, 0x00000000db100000| Untracked 
| 160|0x00000000db200000, 0x00000000db300000, 0x00000000db300000|100%| O|  |TAMS 0x00000000db200000, 0x00000000db200000| Untracked 
| 161|0x00000000db300000, 0x00000000db400000, 0x00000000db400000|100%| O|  |TAMS 0x00000000db300000, 0x00000000db300000| Untracked 
| 162|0x00000000db400000, 0x00000000db500000, 0x00000000db500000|100%| O|  |TAMS 0x00000000db400000, 0x00000000db400000| Untracked 
| 163|0x00000000db500000, 0x00000000db600000, 0x00000000db600000|100%| O|  |TAMS 0x00000000db500000, 0x00000000db500000| Untracked 
| 164|0x00000000db600000, 0x00000000db600000, 0x00000000db700000|  0%| F|  |TAMS 0x00000000db600000, 0x00000000db600000| Untracked 
| 165|0x00000000db700000, 0x00000000db700000, 0x00000000db800000|  0%| F|  |TAMS 0x00000000db700000, 0x00000000db700000| Untracked 
| 166|0x00000000db800000, 0x00000000db800000, 0x00000000db900000|  0%| F|  |TAMS 0x00000000db800000, 0x00000000db800000| Untracked 
| 167|0x00000000db900000, 0x00000000db900000, 0x00000000dba00000|  0%| F|  |TAMS 0x00000000db900000, 0x00000000db900000| Untracked 
| 168|0x00000000dba00000, 0x00000000dba00000, 0x00000000dbb00000|  0%| F|  |TAMS 0x00000000dba00000, 0x00000000dba00000| Untracked 
| 169|0x00000000dbb00000, 0x00000000dbb00000, 0x00000000dbc00000|  0%| F|  |TAMS 0x00000000dbb00000, 0x00000000dbb00000| Untracked 
| 170|0x00000000dbc00000, 0x00000000dbc00000, 0x00000000dbd00000|  0%| F|  |TAMS 0x00000000dbc00000, 0x00000000dbc00000| Untracked 
| 171|0x00000000dbd00000, 0x00000000dbd00000, 0x00000000dbe00000|  0%| F|  |TAMS 0x00000000dbd00000, 0x00000000dbd00000| Untracked 
| 172|0x00000000dbe00000, 0x00000000dbe00000, 0x00000000dbf00000|  0%| F|  |TAMS 0x00000000dbe00000, 0x00000000dbe00000| Untracked 
| 173|0x00000000dbf00000, 0x00000000dbf00000, 0x00000000dc000000|  0%| F|  |TAMS 0x00000000dbf00000, 0x00000000dbf00000| Untracked 
| 174|0x00000000dc000000, 0x00000000dc000000, 0x00000000dc100000|  0%| F|  |TAMS 0x00000000dc000000, 0x00000000dc000000| Untracked 
| 175|0x00000000dc100000, 0x00000000dc100000, 0x00000000dc200000|  0%| F|  |TAMS 0x00000000dc100000, 0x00000000dc100000| Untracked 
| 176|0x00000000dc200000, 0x00000000dc200000, 0x00000000dc300000|  0%| F|  |TAMS 0x00000000dc200000, 0x00000000dc200000| Untracked 
| 177|0x00000000dc300000, 0x00000000dc300000, 0x00000000dc400000|  0%| F|  |TAMS 0x00000000dc300000, 0x00000000dc300000| Untracked 
| 178|0x00000000dc400000, 0x00000000dc400000, 0x00000000dc500000|  0%| F|  |TAMS 0x00000000dc400000, 0x00000000dc400000| Untracked 
| 179|0x00000000dc500000, 0x00000000dc500000, 0x00000000dc600000|  0%| F|  |TAMS 0x00000000dc500000, 0x00000000dc500000| Untracked 
| 180|0x00000000dc600000, 0x00000000dc600000, 0x00000000dc700000|  0%| F|  |TAMS 0x00000000dc600000, 0x00000000dc600000| Untracked 
| 181|0x00000000dc700000, 0x00000000dc700000, 0x00000000dc800000|  0%| F|  |TAMS 0x00000000dc700000, 0x00000000dc700000| Untracked 
| 182|0x00000000dc800000, 0x00000000dc800000, 0x00000000dc900000|  0%| F|  |TAMS 0x00000000dc800000, 0x00000000dc800000| Untracked 
| 183|0x00000000dc900000, 0x00000000dc900000, 0x00000000dca00000|  0%| F|  |TAMS 0x00000000dc900000, 0x00000000dc900000| Untracked 
| 184|0x00000000dca00000, 0x00000000dca00000, 0x00000000dcb00000|  0%| F|  |TAMS 0x00000000dca00000, 0x00000000dca00000| Untracked 
| 185|0x00000000dcb00000, 0x00000000dcb00000, 0x00000000dcc00000|  0%| F|  |TAMS 0x00000000dcb00000, 0x00000000dcb00000| Untracked 
| 186|0x00000000dcc00000, 0x00000000dcc00000, 0x00000000dcd00000|  0%| F|  |TAMS 0x00000000dcc00000, 0x00000000dcc00000| Untracked 
| 187|0x00000000dcd00000, 0x00000000dcd00000, 0x00000000dce00000|  0%| F|  |TAMS 0x00000000dcd00000, 0x00000000dcd00000| Untracked 
| 188|0x00000000dce00000, 0x00000000dce00000, 0x00000000dcf00000|  0%| F|  |TAMS 0x00000000dce00000, 0x00000000dce00000| Untracked 
| 189|0x00000000dcf00000, 0x00000000dcf00000, 0x00000000dd000000|  0%| F|  |TAMS 0x00000000dcf00000, 0x00000000dcf00000| Untracked 
| 190|0x00000000dd000000, 0x00000000dd000000, 0x00000000dd100000|  0%| F|  |TAMS 0x00000000dd000000, 0x00000000dd000000| Untracked 
| 191|0x00000000dd100000, 0x00000000dd100000, 0x00000000dd200000|  0%| F|  |TAMS 0x00000000dd100000, 0x00000000dd100000| Untracked 
| 192|0x00000000dd200000, 0x00000000dd200000, 0x00000000dd300000|  0%| F|  |TAMS 0x00000000dd200000, 0x00000000dd200000| Untracked 
| 193|0x00000000dd300000, 0x00000000dd300000, 0x00000000dd400000|  0%| F|  |TAMS 0x00000000dd300000, 0x00000000dd300000| Untracked 
| 194|0x00000000dd400000, 0x00000000dd400000, 0x00000000dd500000|  0%| F|  |TAMS 0x00000000dd400000, 0x00000000dd400000| Untracked 
| 195|0x00000000dd500000, 0x00000000dd500000, 0x00000000dd600000|  0%| F|  |TAMS 0x00000000dd500000, 0x00000000dd500000| Untracked 
| 196|0x00000000dd600000, 0x00000000dd600000, 0x00000000dd700000|  0%| F|  |TAMS 0x00000000dd600000, 0x00000000dd600000| Untracked 
| 197|0x00000000dd700000, 0x00000000dd700000, 0x00000000dd800000|  0%| F|  |TAMS 0x00000000dd700000, 0x00000000dd700000| Untracked 
| 198|0x00000000dd800000, 0x00000000dd800000, 0x00000000dd900000|  0%| F|  |TAMS 0x00000000dd800000, 0x00000000dd800000| Untracked 
| 199|0x00000000dd900000, 0x00000000dd900000, 0x00000000dda00000|  0%| F|  |TAMS 0x00000000dd900000, 0x00000000dd900000| Untracked 
| 200|0x00000000dda00000, 0x00000000dda00000, 0x00000000ddb00000|  0%| F|  |TAMS 0x00000000dda00000, 0x00000000dda00000| Untracked 
| 201|0x00000000ddb00000, 0x00000000ddb00000, 0x00000000ddc00000|  0%| F|  |TAMS 0x00000000ddb00000, 0x00000000ddb00000| Untracked 
| 202|0x00000000ddc00000, 0x00000000ddc00000, 0x00000000ddd00000|  0%| F|  |TAMS 0x00000000ddc00000, 0x00000000ddc00000| Untracked 
| 203|0x00000000ddd00000, 0x00000000ddd00000, 0x00000000dde00000|  0%| F|  |TAMS 0x00000000ddd00000, 0x00000000ddd00000| Untracked 
| 204|0x00000000dde00000, 0x00000000dde00000, 0x00000000ddf00000|  0%| F|  |TAMS 0x00000000dde00000, 0x00000000dde00000| Untracked 
| 205|0x00000000ddf00000, 0x00000000ddf00000, 0x00000000de000000|  0%| F|  |TAMS 0x00000000ddf00000, 0x00000000ddf00000| Untracked 
| 206|0x00000000de000000, 0x00000000de000000, 0x00000000de100000|  0%| F|  |TAMS 0x00000000de000000, 0x00000000de000000| Untracked 
| 207|0x00000000de100000, 0x00000000de100000, 0x00000000de200000|  0%| F|  |TAMS 0x00000000de100000, 0x00000000de100000| Untracked 
| 208|0x00000000de200000, 0x00000000de300000, 0x00000000de300000|100%| S|CS|TAMS 0x00000000de200000, 0x00000000de200000| Complete 
| 209|0x00000000de300000, 0x00000000de400000, 0x00000000de400000|100%| S|CS|TAMS 0x00000000de300000, 0x00000000de300000| Complete 
| 210|0x00000000de400000, 0x00000000de500000, 0x00000000de500000|100%| S|CS|TAMS 0x00000000de400000, 0x00000000de400000| Complete 
| 211|0x00000000de500000, 0x00000000de600000, 0x00000000de600000|100%| S|CS|TAMS 0x00000000de500000, 0x00000000de500000| Complete 
| 212|0x00000000de600000, 0x00000000de700000, 0x00000000de700000|100%| S|CS|TAMS 0x00000000de600000, 0x00000000de600000| Complete 
| 213|0x00000000de700000, 0x00000000de700000, 0x00000000de800000|  0%| F|  |TAMS 0x00000000de700000, 0x00000000de700000| Untracked 
| 214|0x00000000de800000, 0x00000000de800000, 0x00000000de900000|  0%| F|  |TAMS 0x00000000de800000, 0x00000000de800000| Untracked 
| 215|0x00000000de900000, 0x00000000de900000, 0x00000000dea00000|  0%| F|  |TAMS 0x00000000de900000, 0x00000000de900000| Untracked 
| 216|0x00000000dea00000, 0x00000000dea00000, 0x00000000deb00000|  0%| F|  |TAMS 0x00000000dea00000, 0x00000000dea00000| Untracked 
| 217|0x00000000deb00000, 0x00000000deb00000, 0x00000000dec00000|  0%| F|  |TAMS 0x00000000deb00000, 0x00000000deb00000| Untracked 
| 218|0x00000000dec00000, 0x00000000dec00000, 0x00000000ded00000|  0%| F|  |TAMS 0x00000000dec00000, 0x00000000dec00000| Untracked 
| 219|0x00000000ded00000, 0x00000000ded00000, 0x00000000dee00000|  0%| F|  |TAMS 0x00000000ded00000, 0x00000000ded00000| Untracked 
| 220|0x00000000dee00000, 0x00000000dee00000, 0x00000000def00000|  0%| F|  |TAMS 0x00000000dee00000, 0x00000000dee00000| Untracked 
| 221|0x00000000def00000, 0x00000000def00000, 0x00000000df000000|  0%| F|  |TAMS 0x00000000def00000, 0x00000000def00000| Untracked 
| 222|0x00000000df000000, 0x00000000df000000, 0x00000000df100000|  0%| F|  |TAMS 0x00000000df000000, 0x00000000df000000| Untracked 
| 223|0x00000000df100000, 0x00000000df100000, 0x00000000df200000|  0%| F|  |TAMS 0x00000000df100000, 0x00000000df100000| Untracked 
| 224|0x00000000df200000, 0x00000000df200000, 0x00000000df300000|  0%| F|  |TAMS 0x00000000df200000, 0x00000000df200000| Untracked 
| 225|0x00000000df300000, 0x00000000df300000, 0x00000000df400000|  0%| F|  |TAMS 0x00000000df300000, 0x00000000df300000| Untracked 
| 226|0x00000000df400000, 0x00000000df400000, 0x00000000df500000|  0%| F|  |TAMS 0x00000000df400000, 0x00000000df400000| Untracked 
| 227|0x00000000df500000, 0x00000000df500000, 0x00000000df600000|  0%| F|  |TAMS 0x00000000df500000, 0x00000000df500000| Untracked 
| 228|0x00000000df600000, 0x00000000df600000, 0x00000000df700000|  0%| F|  |TAMS 0x00000000df600000, 0x00000000df600000| Untracked 
| 229|0x00000000df700000, 0x00000000df700000, 0x00000000df800000|  0%| F|  |TAMS 0x00000000df700000, 0x00000000df700000| Untracked 
| 230|0x00000000df800000, 0x00000000df800000, 0x00000000df900000|  0%| F|  |TAMS 0x00000000df800000, 0x00000000df800000| Untracked 
| 231|0x00000000df900000, 0x00000000df900000, 0x00000000dfa00000|  0%| F|  |TAMS 0x00000000df900000, 0x00000000df900000| Untracked 
| 232|0x00000000dfa00000, 0x00000000dfa00000, 0x00000000dfb00000|  0%| F|  |TAMS 0x00000000dfa00000, 0x00000000dfa00000| Untracked 
| 233|0x00000000dfb00000, 0x00000000dfb00000, 0x00000000dfc00000|  0%| F|  |TAMS 0x00000000dfb00000, 0x00000000dfb00000| Untracked 
| 234|0x00000000dfc00000, 0x00000000dfc00000, 0x00000000dfd00000|  0%| F|  |TAMS 0x00000000dfc00000, 0x00000000dfc00000| Untracked 
| 235|0x00000000dfd00000, 0x00000000dfd00000, 0x00000000dfe00000|  0%| F|  |TAMS 0x00000000dfd00000, 0x00000000dfd00000| Untracked 
| 236|0x00000000dfe00000, 0x00000000dfe00000, 0x00000000dff00000|  0%| F|  |TAMS 0x00000000dfe00000, 0x00000000dfe00000| Untracked 
| 237|0x00000000dff00000, 0x00000000dff00000, 0x00000000e0000000|  0%| F|  |TAMS 0x00000000dff00000, 0x00000000dff00000| Untracked 
| 238|0x00000000e0000000, 0x00000000e0000000, 0x00000000e0100000|  0%| F|  |TAMS 0x00000000e0000000, 0x00000000e0000000| Untracked 
| 239|0x00000000e0100000, 0x00000000e0100000, 0x00000000e0200000|  0%| F|  |TAMS 0x00000000e0100000, 0x00000000e0100000| Untracked 
| 240|0x00000000e0200000, 0x00000000e0200000, 0x00000000e0300000|  0%| F|  |TAMS 0x00000000e0200000, 0x00000000e0200000| Untracked 
| 241|0x00000000e0300000, 0x00000000e0300000, 0x00000000e0400000|  0%| F|  |TAMS 0x00000000e0300000, 0x00000000e0300000| Untracked 
| 242|0x00000000e0400000, 0x00000000e0400000, 0x00000000e0500000|  0%| F|  |TAMS 0x00000000e0400000, 0x00000000e0400000| Untracked 
| 748|0x00000000ffe00000, 0x00000000fff00000, 0x00000000fff00000|100%| O|  |TAMS 0x00000000fff00000, 0x00000000fff00000| Untracked 
| 749|0x00000000fff00000, 0x0000000100000000, 0x0000000100000000|100%| O|  |TAMS 0x0000000100000000, 0x0000000100000000| Untracked 

Card table byte_map: [0x000002413bc40000,0x000002413bdc0000] _byte_map_base: 0x000002413b5b7000

Marking Bits (Prev, Next): (CMBitMap*) 0x0000024129502610, (CMBitMap*) 0x00000241295025d0
 Prev Bits: [0x000002413cb00000, 0x000002413d6b8000)
 Next Bits: [0x000002413bf40000, 0x000002413caf8000)

Polling page: 0x0000024127230000

Metaspace:

Usage:
  Non-class:     37.75 MB used.
      Class:      4.72 MB used.
       Both:     42.47 MB used.

Virtual space:
  Non-class space:       40.00 MB reserved,      37.94 MB ( 95%) committed,  5 nodes.
      Class space:        1.00 GB reserved,       4.88 MB ( <1%) committed,  1 nodes.
             Both:        1.04 GB reserved,      42.81 MB (  4%) committed. 

Chunk freelists:
   Non-Class:  1.28 MB
       Class:  3.14 MB
        Both:  4.42 MB

MaxMetaspaceSize: unlimited
CompressedClassSpaceSize: 1.00 GB
Initial GC threshold: 21.00 MB
Current GC threshold: 71.06 MB
CDS: off
MetaspaceReclaimPolicy: balanced
 - commit_granule_bytes: 65536.
 - commit_granule_words: 8192.
 - virtual_space_node_default_size: 1048576.
 - enlarge_chunks_in_place: 1.
 - new_chunks_are_fully_committed: 0.
 - uncommit_free_chunks: 1.
 - use_allocation_guard: 0.
 - handle_deallocations: 1.


Internal statistics:

num_allocs_failed_limit: 8.
num_arena_births: 356.
num_arena_deaths: 10.
num_vsnodes_births: 6.
num_vsnodes_deaths: 0.
num_space_committed: 685.
num_space_uncommitted: 0.
num_chunks_returned_to_freelist: 22.
num_chunks_taken_from_freelist: 1481.
num_chunk_merges: 6.
num_chunk_splits: 961.
num_chunks_enlarged: 686.
num_purges: 2.
num_inconsistent_stats: 0.

CodeHeap 'non-profiled nmethods': size=120000Kb used=2104Kb max_used=2104Kb free=117895Kb
 bounds [0x0000024134710000, 0x0000024134980000, 0x000002413bc40000]
CodeHeap 'profiled nmethods': size=120000Kb used=7963Kb max_used=7963Kb free=112036Kb
 bounds [0x000002412cc40000, 0x000002412d410000, 0x0000024134170000]
CodeHeap 'non-nmethods': size=5760Kb used=1403Kb max_used=1523Kb free=4356Kb
 bounds [0x0000024134170000, 0x00000241343e0000, 0x0000024134710000]
 total_blobs=4955 nmethods=4203 adapters=664
 compilation: enabled
              stopped_count=0, restarted_count=0
 full_count=0

Compilation events (20 events):
Event: 7.279 Thread 0x0000024140813640 4264       3       com.oracle.js.parser.ParserContext$NodeIterator::findNext (63 bytes)
Event: 7.279 Thread 0x0000024140813640 nmethod 4264 0x000002412d3fd810 code [0x000002412d3fd9e0, 0x000002412d3fde48]
Event: 7.291 Thread 0x0000024140813640 4265 %     3       com.oracle.js.parser.ir.Scope::resolveUses @ 35 (177 bytes)
Event: 7.294 Thread 0x0000024140813640 nmethod 4265% 0x000002412d3fe010 code [0x000002412d3fe3c0, 0x000002412d400178]
Event: 7.296 Thread 0x0000024140813640 4267       3       com.oracle.js.parser.ir.Scope::resolveUses (177 bytes)
Event: 7.298 Thread 0x0000024140813640 nmethod 4267 0x000002412d400b90 code [0x000002412d400f20, 0x000002412d402b18]
Event: 7.329 Thread 0x0000024140811e00 nmethod 4191 0x0000024134916d90 code [0x00000241349171e0, 0x000002413491b9d8]
Event: 7.330 Thread 0x0000024140811e00 4239       4       com.oracle.js.parser.Lexer::valueOfIdent (174 bytes)
Event: 7.342 Thread 0x0000024140813640 4271   !   2       com.oracle.js.parser.Parser::propertyGetterFunction (169 bytes)
Event: 7.343 Thread 0x0000024140813640 nmethod 4271 0x000002412d403410 code [0x000002412d4036c0, 0x000002412d4040a8]
Event: 7.357 Thread 0x0000024140813640 4274       2       com.oracle.js.parser.Parser::continueStatement (218 bytes)
Event: 7.358 Thread 0x0000024140813640 nmethod 4274 0x000002412d404690 code [0x000002412d404900, 0x000002412d405038]
Event: 7.381 Thread 0x0000024140813640 4275       2       com.oracle.js.parser.ir.CatchNode::<init> (51 bytes)
Event: 7.381 Thread 0x0000024140813640 nmethod 4275 0x000002412d405590 code [0x000002412d405740, 0x000002412d405a88]
Event: 7.381 Thread 0x0000024140813640 4276       2       com.oracle.js.parser.ir.CatchNode::isTerminal (8 bytes)
Event: 7.382 Thread 0x0000024140813640 nmethod 4276 0x000002412d405b90 code [0x000002412d405d20, 0x000002412d405e58]
Event: 7.413 Thread 0x0000024140813640 4278       2       com.oracle.js.parser.AbstractParser::getIdentifierName (89 bytes)
Event: 7.413 Thread 0x0000024140813640 nmethod 4278 0x000002412d405f10 code [0x000002412d406140, 0x000002412d406778]
Event: 7.415 Thread 0x0000024140813640 4279       2       com.oracle.truffle.api.source.SourceImpl$SourceId::equals (11 bytes)
Event: 7.415 Thread 0x0000024140813640 nmethod 4279 0x000002412d406a90 code [0x000002412d406c20, 0x000002412d406d38]

GC Heap History (20 events):
Event: 4.077 GC heap after
{Heap after GC invocations=7 (full 0):
 garbage-first heap   total 131072K, used 46357K [0x00000000d1200000, 0x0000000100000000)
  region size 1024K, 7 young (7168K), 7 survivors (7168K)
 Metaspace       used 41939K, committed 42304K, reserved 1089536K
  class space    used 4748K, committed 4928K, reserved 1048576K
}
Event: 4.188 GC heap before
{Heap before GC invocations=7 (full 0):
 garbage-first heap   total 131072K, used 78101K [0x00000000d1200000, 0x0000000100000000)
  region size 1024K, 8 young (8192K), 7 survivors (7168K)
 Metaspace       used 42016K, committed 42368K, reserved 1089536K
  class space    used 4757K, committed 4928K, reserved 1048576K
}
Event: 4.195 GC heap after
{Heap after GC invocations=8 (full 0):
 garbage-first heap   total 131072K, used 62225K [0x00000000d1200000, 0x0000000100000000)
  region size 1024K, 3 young (3072K), 3 survivors (3072K)
 Metaspace       used 42016K, committed 42368K, reserved 1089536K
  class space    used 4757K, committed 4928K, reserved 1048576K
}
Event: 4.673 GC heap before
{Heap before GC invocations=9 (full 0):
 garbage-first heap   total 160768K, used 104209K [0x00000000d1200000, 0x0000000100000000)
  region size 1024K, 14 young (14336K), 3 survivors (3072K)
 Metaspace       used 42767K, committed 43136K, reserved 1089536K
  class space    used 4797K, committed 4992K, reserved 1048576K
}
Event: 4.681 GC heap after
{Heap after GC invocations=10 (full 0):
 garbage-first heap   total 160768K, used 50009K [0x00000000d1200000, 0x0000000100000000)
  region size 1024K, 6 young (6144K), 6 survivors (6144K)
 Metaspace       used 42767K, committed 43136K, reserved 1089536K
  class space    used 4797K, committed 4992K, reserved 1048576K
}
Event: 5.654 GC heap before
{Heap before GC invocations=10 (full 0):
 garbage-first heap   total 160768K, used 124761K [0x00000000d1200000, 0x0000000100000000)
  region size 1024K, 71 young (72704K), 6 survivors (6144K)
 Metaspace       used 43209K, committed 43520K, reserved 1089536K
  class space    used 4824K, committed 4992K, reserved 1048576K
}
Event: 5.693 GC heap after
{Heap after GC invocations=11 (full 0):
 garbage-first heap   total 162816K, used 86511K [0x00000000d1200000, 0x0000000100000000)
  region size 1024K, 9 young (9216K), 9 survivors (9216K)
 Metaspace       used 43209K, committed 43520K, reserved 1089536K
  class space    used 4824K, committed 4992K, reserved 1048576K
}
Event: 6.046 GC heap before
{Heap before GC invocations=11 (full 0):
 garbage-first heap   total 162816K, used 119279K [0x00000000d1200000, 0x0000000100000000)
  region size 1024K, 41 young (41984K), 9 survivors (9216K)
 Metaspace       used 43299K, committed 43648K, reserved 1089536K
  class space    used 4824K, committed 4992K, reserved 1048576K
}
Event: 6.076 GC heap after
{Heap after GC invocations=12 (full 0):
 garbage-first heap   total 162816K, used 102400K [0x00000000d1200000, 0x0000000100000000)
  region size 1024K, 6 young (6144K), 6 survivors (6144K)
 Metaspace       used 43299K, committed 43648K, reserved 1089536K
  class space    used 4824K, committed 4992K, reserved 1048576K
}
Event: 6.324 GC heap before
{Heap before GC invocations=13 (full 0):
 garbage-first heap   total 193536K, used 124928K [0x00000000d1200000, 0x0000000100000000)
  region size 1024K, 28 young (28672K), 6 survivors (6144K)
 Metaspace       used 43287K, committed 43648K, reserved 1089536K
  class space    used 4822K, committed 4992K, reserved 1048576K
}
Event: 6.340 GC heap after
{Heap after GC invocations=14 (full 0):
 garbage-first heap   total 193536K, used 113664K [0x00000000d1200000, 0x0000000100000000)
  region size 1024K, 4 young (4096K), 4 survivors (4096K)
 Metaspace       used 43287K, committed 43648K, reserved 1089536K
  class space    used 4822K, committed 4992K, reserved 1048576K
}
Event: 6.378 GC heap before
{Heap before GC invocations=14 (full 0):
 garbage-first heap   total 193536K, used 118784K [0x00000000d1200000, 0x0000000100000000)
  region size 1024K, 9 young (9216K), 4 survivors (4096K)
 Metaspace       used 43288K, committed 43648K, reserved 1089536K
  class space    used 4822K, committed 4992K, reserved 1048576K
}
Event: 6.403 GC heap after
{Heap after GC invocations=15 (full 0):
 garbage-first heap   total 193536K, used 117248K [0x00000000d1200000, 0x0000000100000000)
  region size 1024K, 2 young (2048K), 2 survivors (2048K)
 Metaspace       used 43288K, committed 43648K, reserved 1089536K
  class space    used 4822K, committed 4992K, reserved 1048576K
}
Event: 6.640 GC heap before
{Heap before GC invocations=15 (full 0):
 garbage-first heap   total 193536K, used 144896K [0x00000000d1200000, 0x0000000100000000)
  region size 1024K, 29 young (29696K), 2 survivors (2048K)
 Metaspace       used 43302K, committed 43648K, reserved 1089536K
  class space    used 4822K, committed 4992K, reserved 1048576K
}
Event: 6.653 GC heap after
{Heap after GC invocations=16 (full 0):
 garbage-first heap   total 193536K, used 130048K [0x00000000d1200000, 0x0000000100000000)
  region size 1024K, 4 young (4096K), 4 survivors (4096K)
 Metaspace       used 43302K, committed 43648K, reserved 1089536K
  class space    used 4822K, committed 4992K, reserved 1048576K
}
Event: 6.893 GC heap before
{Heap before GC invocations=16 (full 0):
 garbage-first heap   total 250880K, used 151552K [0x00000000d1200000, 0x0000000100000000)
  region size 1024K, 25 young (25600K), 4 survivors (4096K)
 Metaspace       used 43330K, committed 43648K, reserved 1089536K
  class space    used 4822K, committed 4992K, reserved 1048576K
}
Event: 6.912 GC heap after
{Heap after GC invocations=17 (full 0):
 garbage-first heap   total 250880K, used 140208K [0x00000000d1200000, 0x0000000100000000)
  region size 1024K, 4 young (4096K), 4 survivors (4096K)
 Metaspace       used 43330K, committed 43648K, reserved 1089536K
  class space    used 4822K, committed 4992K, reserved 1048576K
}
Event: 7.242 GC heap before
{Heap before GC invocations=18 (full 0):
 garbage-first heap   total 250880K, used 181168K [0x00000000d1200000, 0x0000000100000000)
  region size 1024K, 44 young (45056K), 4 survivors (4096K)
 Metaspace       used 43487K, committed 43840K, reserved 1089536K
  class space    used 4831K, committed 4992K, reserved 1048576K
}
Event: 7.265 GC heap after
{Heap after GC invocations=19 (full 0):
 garbage-first heap   total 250880K, used 160683K [0x00000000d1200000, 0x0000000100000000)
  region size 1024K, 6 young (6144K), 6 survivors (6144K)
 Metaspace       used 43487K, committed 43840K, reserved 1089536K
  class space    used 4831K, committed 4992K, reserved 1048576K
}
Event: 7.420 GC heap before
{Heap before GC invocations=19 (full 0):
 garbage-first heap   total 250880K, used 191403K [0x00000000d1200000, 0x0000000100000000)
  region size 1024K, 36 young (36864K), 6 survivors (6144K)
 Metaspace       used 43493K, committed 43840K, reserved 1089536K
  class space    used 4832K, committed 4992K, reserved 1048576K
}

Dll operation events (1 events):
Event: 0.012 Loaded shared library C:\Program Files\JetBrains\IntelliJ IDEA 2023.1\jbr\bin\java.dll

Deoptimization events (20 events):
Event: 7.163 Thread 0x0000024140d81a60 Uncommon trap: trap_request=0xffffff45 fr.pc=0x00000241348cb328 relative=0x0000000000003688
Event: 7.163 Thread 0x0000024140d81a60 Uncommon trap: reason=unstable_if action=reinterpret pc=0x00000241348cb328 method=com.oracle.js.parser.Parser.memberExpression(ZZLcom/oracle/js/parser/CoverExpressionError;)Lcom/oracle/js/parser/ir/Expression; @ 380 c2
Event: 7.163 Thread 0x0000024140d81a60 DEOPT PACKING pc=0x00000241348cb328 sp=0x000000782ebfba40
Event: 7.163 Thread 0x0000024140d81a60 DEOPT UNPACKING pc=0x00000241341c69a3 sp=0x000000782ebfba30 mode 2
Event: 7.219 Thread 0x0000024140d7fac0 Uncommon trap: trap_request=0xffffff45 fr.pc=0x00000241348f5e7c relative=0x0000000000005a7c
Event: 7.219 Thread 0x0000024140d7fac0 Uncommon trap: reason=unstable_if action=reinterpret pc=0x00000241348f5e7c method=org.graalvm.collections.EconomicMapImpl.grow()V @ 62 c2
Event: 7.219 Thread 0x0000024140d7fac0 DEOPT PACKING pc=0x00000241348f5e7c sp=0x000000782eaf7a50
Event: 7.220 Thread 0x0000024140d7fac0 DEOPT UNPACKING pc=0x00000241341c69a3 sp=0x000000782eaf7858 mode 2
Event: 7.229 Thread 0x0000024142caaf90 DEOPT PACKING pc=0x000002412d32d8cb sp=0x000000782f6f6370
Event: 7.229 Thread 0x0000024142caaf90 DEOPT UNPACKING pc=0x00000241341c7143 sp=0x000000782f6f5820 mode 0
Event: 7.236 Thread 0x0000024142caaf90 Uncommon trap: trap_request=0xffffff45 fr.pc=0x00000241348df154 relative=0x0000000000003654
Event: 7.236 Thread 0x0000024142caaf90 Uncommon trap: reason=unstable_if action=reinterpret pc=0x00000241348df154 method=org.graalvm.collections.EconomicMapImpl.grow()V @ 62 c2
Event: 7.236 Thread 0x0000024142caaf90 DEOPT PACKING pc=0x00000241348df154 sp=0x000000782f6f7800
Event: 7.236 Thread 0x0000024142caaf90 DEOPT UNPACKING pc=0x00000241341c69a3 sp=0x000000782f6f7670 mode 2
Event: 7.294 Thread 0x0000024140d7fac0 DEOPT PACKING pc=0x000002412d3f81a5 sp=0x000000782eaf7f70
Event: 7.294 Thread 0x0000024140d7fac0 DEOPT UNPACKING pc=0x00000241341c7143 sp=0x000000782eaf7468 mode 0
Event: 7.412 Thread 0x0000024142caaf90 Uncommon trap: trap_request=0x00000078 fr.pc=0x00000241348bc578 relative=0x0000000000000af8
Event: 7.412 Thread 0x0000024142caaf90 Uncommon trap: reason=unloaded action=reinterpret pc=0x00000241348bc578 method=com.oracle.js.parser.AbstractParser.isIdentifierName(J)Z @ 74 c2
Event: 7.412 Thread 0x0000024142caaf90 DEOPT PACKING pc=0x00000241348bc578 sp=0x000000782f6f8f80
Event: 7.412 Thread 0x0000024142caaf90 DEOPT UNPACKING pc=0x00000241341c69a3 sp=0x000000782f6f8e80 mode 2

Classes unloaded (5 events):
Event: 6.205 Thread 0x000002413fc99d60 Unloading class 0x00000001002d0400 'java/lang/invoke/LambdaForm$DMH+0x00000001002d0400'
Event: 6.205 Thread 0x000002413fc99d60 Unloading class 0x0000000100201400 'jdk/internal/reflect/GeneratedSerializationConstructorAccessor12'
Event: 6.205 Thread 0x000002413fc99d60 Unloading class 0x00000001001bd400 'jdk/internal/reflect/GeneratedSerializationConstructorAccessor7'
Event: 6.205 Thread 0x000002413fc99d60 Unloading class 0x00000001001bd800 'jdk/internal/reflect/GeneratedSerializationConstructorAccessor6'
Event: 6.205 Thread 0x000002413fc99d60 Unloading class 0x00000001001bc000 'jdk/internal/reflect/GeneratedSerializationConstructorAccessor2'

Classes redefined (0 events):
No events

Internal exceptions (20 events):
Event: 2.421 Thread 0x0000024142cabe00 Exception <a 'java/lang/NoSuchMethodError'{0x00000000d74db748}: 'void java.lang.invoke.DirectMethodHandle$Holder.invokeStaticInit(java.lang.Object, java.lang.Object)'> (0x00000000d74db748) 
thrown [s\src\hotspot\share\interpreter\linkResolver.cpp, line 771]
Event: 2.423 Thread 0x0000024142cabe00 Exception <a 'java/lang/NoSuchMethodError'{0x00000000d74e14e0}: 'int java.lang.invoke.DirectMethodHandle$Holder.invokeStaticInit(java.lang.Object, java.lang.Object)'> (0x00000000d74e14e0) 
thrown [s\src\hotspot\share\interpreter\linkResolver.cpp, line 771]
Event: 2.851 Thread 0x0000024142caa120 Exception <a 'java/lang/reflect/InvocationTargetException'{0x00000000d69ad308}> (0x00000000d69ad308) 
thrown [s\src\hotspot\share\runtime\reflection.cpp, line 1127]
Event: 2.851 Thread 0x0000024142ca9780 Exception <a 'java/lang/reflect/InvocationTargetException'{0x00000000d76ca5c0}> (0x00000000d76ca5c0) 
thrown [s\src\hotspot\share\runtime\reflection.cpp, line 1127]
Event: 2.851 Thread 0x0000024142ca8440 Exception <a 'java/lang/reflect/InvocationTargetException'{0x00000000d77b2360}> (0x00000000d77b2360) 
thrown [s\src\hotspot\share\runtime\reflection.cpp, line 1127]
Event: 2.851 Thread 0x0000024142ca8910 Exception <a 'java/lang/reflect/InvocationTargetException'{0x00000000d7685c80}> (0x00000000d7685c80) 
thrown [s\src\hotspot\share\runtime\reflection.cpp, line 1127]
Event: 2.862 Thread 0x0000024142cabe00 Exception <a 'java/lang/reflect/InvocationTargetException'{0x00000000d6c3c7b8}> (0x00000000d6c3c7b8) 
thrown [s\src\hotspot\share\runtime\reflection.cpp, line 1127]
Event: 2.863 Thread 0x0000024142ca92b0 Exception <a 'java/lang/reflect/InvocationTargetException'{0x00000000d759fac8}> (0x00000000d759fac8) 
thrown [s\src\hotspot\share\runtime\reflection.cpp, line 1127]
Event: 3.822 Thread 0x0000024142caaf90 Implicit null exception at 0x00000241347b6ce0 to 0x00000241347b752c
Event: 3.823 Thread 0x0000024142caaf90 Implicit null exception at 0x00000241347a940f to 0x00000241347a9489
Event: 3.893 Thread 0x0000024142ca8910 Exception <a 'java/lang/NoSuchMethodError'{0x00000000d7e68190}: 'void java.lang.invoke.DirectMethodHandle$Holder.invokeVirtual(java.lang.Object, java.lang.Object)'> (0x00000000d7e68190) 
thrown [s\src\hotspot\share\interpreter\linkResolver.cpp, line 771]
Event: 3.919 Thread 0x000002414294b940 Exception <a 'java/lang/NoSuchMethodError'{0x00000000d7d261d0}: 'java.lang.Object java.lang.invoke.DirectMethodHandle$Holder.newInvokeSpecial(java.lang.Object, java.lang.Object, java.lang.Object, java.lang.Object, java.lang.Object, java.lang.Object, java.lang.Object, java.lang.Object)'> (0x00000000d7d261d0) 
thrown [s\src\hotspot\share\interpreter\linkResolver.cpp, line 771]
Event: 3.921 Thread 0x000002414294b940 Exception <a 'java/lang/NoSuchMethodError'{0x00000000d7d2b540}: 'java.lang.Object java.lang.invoke.DirectMethodHandle$Holder.invokeSpecial(java.lang.Object, java.lang.Object, java.lang.Object, java.lang.Object, java.lang.Object, java.lang.Object, java.lang.Object, java.lang.Object, java.lang.Object)'> (0x00000000d7d2b540) 
thrown [s\src\hotspot\share\interpreter\linkResolver.cpp, line 771]
Event: 3.921 Thread 0x000002414294b940 Exception <a 'java/lang/NoSuchMethodError'{0x00000000d7d301c8}: 'java.lang.Object java.lang.invoke.Invokers$Holder.linkToTargetMethod(java.lang.Object, java.lang.Object, java.lang.Object, java.lang.Object, java.lang.Object, java.lang.Object, java.lang.Object, java.lang.Object)'> (0x00000000d7d301c8) 
thrown [s\src\hotspot\share\interpreter\linkResolver.cpp, line 771]
Event: 3.929 Thread 0x000002414294b940 Exception <a 'java/lang/NoSuchMethodError'{0x00000000d7d6c620}: 'java.lang.Object java.lang.invoke.DirectMethodHandle$Holder.newInvokeSpecial(java.lang.Object, java.lang.Object, java.lang.Object, java.lang.Object, java.lang.Object, java.lang.Object, java.lang.Object)'> (0x00000000d7d6c620) 
thrown [s\src\hotspot\share\interpreter\linkResolver.cpp, line 771]
Event: 3.931 Thread 0x000002414294b940 Exception <a 'java/lang/NoSuchMethodError'{0x00000000d7d70f30}: 'java.lang.Object java.lang.invoke.Invokers$Holder.linkToTargetMethod(java.lang.Object, java.lang.Object, java.lang.Object, java.lang.Object, java.lang.Object, java.lang.Object, java.lang.Object)'> (0x00000000d7d70f30) 
thrown [s\src\hotspot\share\interpreter\linkResolver.cpp, line 771]
Event: 3.931 Thread 0x000002414294b940 Exception <a 'java/lang/NoSuchMethodError'{0x00000000d7d74fb0}: 'java.lang.Object java.lang.invoke.DirectMethodHandle$Holder.invokeStatic(java.lang.Object, int, java.lang.Object, java.lang.Object)'> (0x00000000d7d74fb0) 
thrown [s\src\hotspot\share\interpreter\linkResolver.cpp, line 771]
Event: 3.932 Thread 0x000002414294b940 Exception <a 'java/lang/NoSuchMethodError'{0x00000000d7d7c118}: 'java.lang.Object java.lang.invoke.DirectMethodHandle$Holder.newInvokeSpecial(java.lang.Object, int, java.lang.Object)'> (0x00000000d7d7c118) 
thrown [s\src\hotspot\share\interpreter\linkResolver.cpp, line 771]
Event: 3.959 Thread 0x000002414294b940 Exception <a 'java/lang/reflect/InvocationTargetException'{0x00000000d7dc1410}> (0x00000000d7dc1410) 
thrown [s\src\hotspot\share\runtime\reflection.cpp, line 1127]
Event: 4.978 Thread 0x000002414294b940 Exception <a 'java/lang/NoSuchMethodError'{0x00000000d98dbd20}: 'java.lang.Object java.lang.invoke.DirectMethodHandle$Holder.newInvokeSpecial(java.lang.Object, java.lang.Object, int)'> (0x00000000d98dbd20) 
thrown [s\src\hotspot\share\interpreter\linkResolver.cpp, line 771]

VM Operations (20 events):
Event: 6.082 Executing VM operation: G1CollectForAllocation done
Event: 6.204 Executing VM operation: G1Concurrent
Event: 6.210 Executing VM operation: G1Concurrent done
Event: 6.286 Executing VM operation: G1Concurrent
Event: 6.296 Executing VM operation: G1Concurrent done
Event: 6.323 Executing VM operation: G1CollectForAllocation
Event: 6.344 Executing VM operation: G1CollectForAllocation done
Event: 6.375 Executing VM operation: G1CollectForAllocation
Event: 6.404 Executing VM operation: G1CollectForAllocation done
Event: 6.639 Executing VM operation: G1CollectForAllocation
Event: 6.665 Executing VM operation: G1CollectForAllocation done
Event: 6.876 Executing VM operation: G1Concurrent
Event: 6.881 Executing VM operation: G1Concurrent done
Event: 6.893 Executing VM operation: G1CollectForAllocation
Event: 6.913 Executing VM operation: G1CollectForAllocation done
Event: 6.999 Executing VM operation: G1Concurrent
Event: 7.002 Executing VM operation: G1Concurrent done
Event: 7.241 Executing VM operation: G1CollectForAllocation
Event: 7.265 Executing VM operation: G1CollectForAllocation done
Event: 7.420 Executing VM operation: G1CollectForAllocation

Events (20 events):
Event: 4.348 loading class sun/invoke/util/VerifyAccess$1
Event: 4.348 loading class sun/invoke/util/VerifyAccess$1 done
Event: 4.464 loading class java/util/Base64
Event: 4.464 loading class java/util/Base64 done
Event: 4.464 loading class java/util/Base64$Encoder
Event: 4.464 loading class java/util/Base64$Encoder done
Event: 4.466 loading class sun/security/provider/MD5
Event: 4.467 loading class sun/security/provider/MD5 done
Event: 4.467 loading class sun/security/provider/ByteArrayAccess$LE
Event: 4.467 loading class sun/security/provider/ByteArrayAccess$LE done
Event: 4.468 loading class java/util/Base64$Decoder
Event: 4.470 loading class java/util/Base64$Decoder done
Event: 4.473 loading class com/sun/crypto/provider/HmacSHA1
Event: 4.474 loading class com/sun/crypto/provider/HmacSHA1 done
Event: 4.855 loading class java/util/UUID$Holder
Event: 4.855 loading class java/util/UUID$Holder done
Event: 4.971 loading class java/util/regex/Pattern$Bound
Event: 4.971 loading class java/util/regex/Pattern$Bound done
Event: 7.167 loading class jdk/internal/math/FDBigInteger
Event: 7.168 loading class jdk/internal/math/FDBigInteger done


Dynamic libraries:
0x00007ff77fd40000 - 0x00007ff77fd4a000 	C:\Program Files\JetBrains\IntelliJ IDEA 2023.1\jbr\bin\java.exe
0x00007ff802730000 - 0x00007ff802928000 	C:\WINDOWS\SYSTEM32\ntdll.dll
0x00007ff801560000 - 0x00007ff80161f000 	C:\WINDOWS\System32\KERNEL32.DLL
0x00007ff800050000 - 0x00007ff80032a000 	C:\WINDOWS\System32\KERNELBASE.dll
0x00007ff800460000 - 0x00007ff800560000 	C:\WINDOWS\System32\ucrtbase.dll
0x00007ffff6980000 - 0x00007ffff699b000 	C:\Program Files\JetBrains\IntelliJ IDEA 2023.1\jbr\bin\VCRUNTIME140.dll
0x00007fffdd760000 - 0x00007fffdd777000 	C:\Program Files\JetBrains\IntelliJ IDEA 2023.1\jbr\bin\jli.dll
0x00007ff800d80000 - 0x00007ff800f1d000 	C:\WINDOWS\System32\USER32.dll
0x00007fffec690000 - 0x00007fffec92a000 	C:\WINDOWS\WinSxS\amd64_microsoft.windows.common-controls_6595b64144ccf1df_6.0.19041.1110_none_60b5254171f9507e\COMCTL32.dll
0x00007ff8006c0000 - 0x00007ff8006e2000 	C:\WINDOWS\System32\win32u.dll
0x00007ff801fb0000 - 0x00007ff80204e000 	C:\WINDOWS\System32\msvcrt.dll
0x00007ff802660000 - 0x00007ff80268b000 	C:\WINDOWS\System32\GDI32.dll
0x00007ff8005b0000 - 0x00007ff8006c0000 	C:\WINDOWS\System32\gdi32full.dll
0x00007ff8006f0000 - 0x00007ff80078d000 	C:\WINDOWS\System32\msvcp_win.dll
0x00007ff801690000 - 0x00007ff8016c0000 	C:\WINDOWS\System32\IMM32.DLL
0x00007ffffcad0000 - 0x00007ffffcadc000 	C:\Program Files\JetBrains\IntelliJ IDEA 2023.1\jbr\bin\vcruntime140_1.dll
0x00007fffddad0000 - 0x00007fffddb5d000 	C:\Program Files\JetBrains\IntelliJ IDEA 2023.1\jbr\bin\msvcp140.dll
0x00007fff7eee0000 - 0x00007fff7fb4d000 	C:\Program Files\JetBrains\IntelliJ IDEA 2023.1\jbr\bin\server\jvm.dll
0x00007ff800f20000 - 0x00007ff800fce000 	C:\WINDOWS\System32\ADVAPI32.dll
0x00007ff800790000 - 0x00007ff80082c000 	C:\WINDOWS\System32\sechost.dll
0x00007ff802490000 - 0x00007ff8025b6000 	C:\WINDOWS\System32\RPCRT4.dll
0x00007fffeab80000 - 0x00007fffeab89000 	C:\WINDOWS\SYSTEM32\WSOCK32.dll
0x00007fffec5f0000 - 0x00007fffec617000 	C:\WINDOWS\SYSTEM32\WINMM.dll
0x00007ff801620000 - 0x00007ff80168b000 	C:\WINDOWS\System32\WS2_32.dll
0x00007ffffeb70000 - 0x00007ffffeb7a000 	C:\WINDOWS\SYSTEM32\VERSION.dll
0x00007ffffeb30000 - 0x00007ffffeb42000 	C:\WINDOWS\SYSTEM32\kernel.appcore.dll
0x00007ffffae30000 - 0x00007ffffae3a000 	C:\Program Files\JetBrains\IntelliJ IDEA 2023.1\jbr\bin\jimage.dll
0x00007ffffda00000 - 0x00007ffffdbe4000 	C:\WINDOWS\SYSTEM32\DBGHELP.DLL
0x00007fffe8180000 - 0x00007fffe81b4000 	C:\WINDOWS\SYSTEM32\dbgcore.DLL
0x00007ff8003d0000 - 0x00007ff800452000 	C:\WINDOWS\System32\bcryptPrimitives.dll
0x00007fffdf800000 - 0x00007fffdf825000 	C:\Program Files\JetBrains\IntelliJ IDEA 2023.1\jbr\bin\java.dll
0x00007fffdf7e0000 - 0x00007fffdf7f8000 	C:\Program Files\JetBrains\IntelliJ IDEA 2023.1\jbr\bin\zip.dll
0x00007ff8016d0000 - 0x00007ff801e14000 	C:\WINDOWS\System32\SHELL32.dll
0x00007ffffe390000 - 0x00007ffffeb23000 	C:\WINDOWS\SYSTEM32\windows.storage.dll
0x00007ff800fd0000 - 0x00007ff801324000 	C:\WINDOWS\System32\combase.dll
0x00007fffff6d0000 - 0x00007fffff6fe000 	C:\WINDOWS\SYSTEM32\Wldp.dll
0x00007ff8014b0000 - 0x00007ff80155d000 	C:\WINDOWS\System32\SHCORE.dll
0x00007ff801e20000 - 0x00007ff801e75000 	C:\WINDOWS\System32\shlwapi.dll
0x00007fffffd70000 - 0x00007fffffd8f000 	C:\WINDOWS\SYSTEM32\profapi.dll
0x00007fffdf640000 - 0x00007fffdf659000 	C:\Program Files\JetBrains\IntelliJ IDEA 2023.1\jbr\bin\net.dll
0x00007ffff75c0000 - 0x00007ffff76ca000 	C:\WINDOWS\SYSTEM32\WINHTTP.dll
0x00007fffff4b0000 - 0x00007fffff51a000 	C:\WINDOWS\system32\mswsock.dll
0x00007fffdf620000 - 0x00007fffdf636000 	C:\Program Files\JetBrains\IntelliJ IDEA 2023.1\jbr\bin\nio.dll
0x00007fffff1c0000 - 0x00007fffff1fc000 	C:\WINDOWS\SYSTEM32\IPHLPAPI.DLL
0x00007ff802460000 - 0x00007ff802468000 	C:\WINDOWS\System32\NSI.dll
0x00007ffff7f20000 - 0x00007ffff7f37000 	C:\WINDOWS\SYSTEM32\dhcpcsvc6.DLL
0x00007ffff7e80000 - 0x00007ffff7e9d000 	C:\WINDOWS\SYSTEM32\dhcpcsvc.DLL
0x00007fffff200000 - 0x00007fffff2cb000 	C:\WINDOWS\SYSTEM32\DNSAPI.dll
0x00007fffff710000 - 0x00007fffff728000 	C:\WINDOWS\SYSTEM32\CRYPTSP.dll
0x00007ffffedf0000 - 0x00007ffffee24000 	C:\WINDOWS\system32\rsaenh.dll
0x00007ff8003a0000 - 0x00007ff8003c7000 	C:\WINDOWS\System32\bcrypt.dll
0x00007fffffcf0000 - 0x00007fffffd1e000 	C:\WINDOWS\SYSTEM32\USERENV.dll
0x00007fffff640000 - 0x00007fffff64c000 	C:\WINDOWS\SYSTEM32\CRYPTBASE.dll
0x00007fffdc020000 - 0x00007fffdc027000 	C:\Program Files\JetBrains\IntelliJ IDEA 2023.1\jbr\bin\rmi.dll
0x00007ffff7860000 - 0x00007ffff786a000 	C:\Windows\System32\rasadhlp.dll
0x00007ffff6b20000 - 0x00007ffff6ba0000 	C:\WINDOWS\System32\fwpuclnt.dll
0x00007fffdf610000 - 0x00007fffdf61e000 	C:\Program Files\JetBrains\IntelliJ IDEA 2023.1\jbr\bin\sunmscapi.dll
0x00007fffffde0000 - 0x00007ffffff36000 	C:\WINDOWS\System32\CRYPT32.dll
0x00007fffff800000 - 0x00007fffff828000 	C:\WINDOWS\SYSTEM32\ncrypt.dll
0x00007fffff7c0000 - 0x00007fffff7fb000 	C:\WINDOWS\SYSTEM32\NTASN1.dll

dbghelp: loaded successfully - version: 4.0.5 - missing functions: none
symbol engine: initialized successfully - sym options: 0x614 - pdb path: .;C:\Program Files\JetBrains\IntelliJ IDEA 2023.1\jbr\bin;C:\WINDOWS\SYSTEM32;C:\WINDOWS\WinSxS\amd64_microsoft.windows.common-controls_6595b64144ccf1df_6.0.19041.1110_none_60b5254171f9507e;C:\Program Files\JetBrains\IntelliJ IDEA 2023.1\jbr\bin\server

VM Arguments:
jvm_args: -Djava.rmi.server.hostname=127.0.0.1 -Duser.timezone=UTC -Xmx750m -Xms128m --add-exports=java.desktop/sun.awt=ALL-UNNAMED --add-exports=java.desktop/java.awt.peer=ALL-UNNAMED --add-opens=java.desktop/java.awt=ALL-UNNAMED --add-opens=jdk.unsupported/sun.misc=ALL-UNNAMED --add-opens=java.base/java.nio=ALL-UNNAMED --add-opens=java.base/java.util=ALL-UNNAMED -Dfile.encoding=UTF-8 
java_command: com.intellij.database.remote.RemoteJdbcServer com.dbschema.MongoJdbcDriver
java_class_path (initial): C:\Program Files\JetBrains\IntelliJ IDEA 2023.1\lib\util_rt.jar;C:\Program Files\JetBrains\IntelliJ IDEA 2023.1\lib\util-8.jar;C:\Program Files\JetBrains\IntelliJ IDEA 2023.1\lib\groovy.jar;C:\Program Files\JetBrains\IntelliJ IDEA 2023.1\plugins\DatabaseTools\lib\jdbc-console.jar;C:\Program Files\JetBrains\IntelliJ IDEA 2023.1\plugins\grid-core-impl\lib\jdbc-console-types.jar;C:\Program Files\JetBrains\IntelliJ IDEA 2023.1\lib\util.jar;C:\Users\yarde\AppData\Roaming\JetBrains\IntelliJIdea2023.1\jdbc-drivers\MongoDB\1.18\mongo-jdbc-standalone-1.18.jar
Launcher Type: SUN_STANDARD

[Global flags]
     intx CICompilerCount                          = 3                                         {product} {ergonomic}
     uint ConcGCThreads                            = 1                                         {product} {ergonomic}
     uint G1ConcRefinementThreads                  = 4                                         {product} {ergonomic}
   size_t G1HeapRegionSize                         = 1048576                                   {product} {ergonomic}
    uintx GCDrainStackTargetSize                   = 64                                        {product} {ergonomic}
   size_t InitialHeapSize                          = 134217728                                 {product} {command line}
   size_t MarkStackSize                            = 4194304                                   {product} {ergonomic}
   size_t MaxHeapSize                              = 786432000                                 {product} {command line}
   size_t MaxNewSize                               = 471859200                                 {product} {ergonomic}
   size_t MinHeapDeltaBytes                        = 1048576                                   {product} {ergonomic}
   size_t MinHeapSize                              = 134217728                                 {product} {command line}
    uintx NonNMethodCodeHeapSize                   = 5832780                                {pd product} {ergonomic}
    uintx NonProfiledCodeHeapSize                  = 122912730                              {pd product} {ergonomic}
    uintx ProfiledCodeHeapSize                     = 122912730                              {pd product} {ergonomic}
    uintx ReservedCodeCacheSize                    = 251658240                              {pd product} {ergonomic}
     bool SegmentedCodeCache                       = true                                      {product} {ergonomic}
   size_t SoftMaxHeapSize                          = 786432000                              {manageable} {ergonomic}
     bool UseCompressedClassPointers               = true                           {product lp64_product} {ergonomic}
     bool UseCompressedOops                        = true                           {product lp64_product} {ergonomic}
     bool UseG1GC                                  = true                                      {product} {ergonomic}
     bool UseLargePagesIndividualAllocation        = false                                  {pd product} {ergonomic}

Logging:
Log output configuration:
 #0: stdout all=warning uptime,level,tags
 #1: stderr all=off uptime,level,tags

Environment Variables:
PATH=C:\Python311\Scripts\;C:\Python311\;C:\Program Files\Common Files\Oracle\Java\javapath;C:\WINDOWS\system32;C:\WINDOWS;C:\WINDOWS\System32\Wbem;C:\WINDOWS\System32\WindowsPowerShell\v1.0\;C:\WINDOWS\System32\OpenSSH\;C:\Program Files\Microsoft SQL Server\130\Tools\Binn\;C:\Program Files\Git\cmd;C:\Program Files\CodeBlocks\MinGW\bin;C:\GnuWin32\bin;C:\Program Files\nodejs\;C:\ProgramData\chocolatey\bin;;C:\Program Files\Docker\Docker\resources\bin;C:\Program Files\MySQL\MySQL Shell 8.0\bin\;C:\Users\yarde\AppData\Local\Microsoft\WindowsApps;;C:\Users\yarde\AppData\Local\Programs\Microsoft VS Code\bin;C:\Users\yarde\AppData\Roaming\npm
USERNAME=yarde
OS=Windows_NT
PROCESSOR_IDENTIFIER=Intel64 Family 6 Model 142 Stepping 9, GenuineIntel
TMP=C:\Users\yarde\AppData\Local\Temp
TEMP=C:\Users\yarde\AppData\Local\Temp



---------------  S Y S T E M  ---------------

OS:
 Windows 10 , 64 bit Build 19041 (10.0.19041.2788)
OS uptime: 6 days 3:52 hours
Hyper-V role detected

CPU: total 4 (initial active 4) (2 cores per cpu, 2 threads per core) family 6 model 142 stepping 9 microcode 0xea, cx8, cmov, fxsr, ht, mmx, 3dnowpref, sse, sse2, sse3, ssse3, sse4.1, sse4.2, popcnt, lzcnt, tsc, tscinvbit, avx, avx2, aes, erms, clmul, bmi1, bmi2, adx, fma, vzeroupper, clflush, clflushopt, hv

Memory: 4k page, system-wide physical 16249M (2837M free)
TotalPageFile size 65401M (AvailPageFile size 7M)
current process WorkingSet (physical memory assigned to process): 382M, peak: 384M
current process commit charge ("private bytes"): 548M, peak: 552M

vm_info: OpenJDK 64-Bit Server VM (17.0.6+10-b829.5) for windows-amd64 JRE (17.0.6+10-b829.5), built on 2023-02-24 by "builduser" with MS VC++ 16.10 / 16.11 (VS2019)

END.
