#
# There is insufficient memory for the Java Runtime Environment to continue.
# Native memory allocation (mmap) failed to map 65536 bytes for Failed to commit metaspace.
# Possible reasons:
#   The system is out of physical RAM or swap space
#   The process is running with CompressedOops enabled, and the Java Heap may be blocking the growth of the native heap
# Possible solutions:
#   Reduce memory load on the system
#   Increase physical memory or swap space
#   Check if swap backing store is full
#   Decrease Java heap size (-Xmx/-Xms)
#   Decrease number of Java threads
#   Decrease Java thread stack sizes (-Xss)
#   Set larger code cache with -XX:ReservedCodeCacheSize=
#   JVM is running with Zero Based Compressed Oops mode in which the Java heap is
#     placed in the first 32GB address space. The Java Heap base address is the
#     maximum limit for the native heap growth. Please use -XX:HeapBaseMinAddress
#     to set the Java Heap base and to place the Java Heap above 32GB virtual address.
# This output file may be truncated or incomplete.
#
#  Out of Memory Error (virtualSpaceNode.cpp:110), pid=19576, tid=14596
#
# JRE version: OpenJDK Runtime Environment JBR-17.0.6+10-829.5-jcef (17.0.6+10) (build 17.0.6+10-b829.5)
# Java VM: OpenJDK 64-Bit Server VM JBR-17.0.6+10-829.5-jcef (17.0.6+10-b829.5, mixed mode, tiered, compressed oops, compressed class ptrs, g1 gc, windows-amd64)
# No core dump will be written. Minidumps are not enabled by default on client versions of Windows
#

---------------  S U M M A R Y ------------

Command Line: git4idea.http.GitAskPassApp Password for 'https://yardensepton@bitbucket.org': 

Host: Intel(R) Core(TM) i5-7200U CPU @ 2.50GHz, 4 cores, 15G,  Windows 10 , 64 bit Build 19041 (10.0.19041.2788)
Time: Wed May  3 14:48:43 2023 Jerusalem Daylight Time elapsed time: 1.223171 seconds (0d 0h 0m 1s)

---------------  T H R E A D  ---------------

Current thread (0x000001b8f72ede00):  JavaThread "main" [_thread_in_vm, id=14596, stack(0x0000009e31700000,0x0000009e31800000)]

Stack: [0x0000009e31700000,0x0000009e31800000]
Native frames: (J=compiled Java code, j=interpreted, Vv=VM code, C=native code)
V  [jvm.dll+0x683b4a]
V  [jvm.dll+0x842654]
V  [jvm.dll+0x843dfe]
V  [jvm.dll+0x844463]
V  [jvm.dll+0x249b75]
V  [jvm.dll+0x83e6ab]
V  [jvm.dll+0x627fa6]
V  [jvm.dll+0x1c194e]
V  [jvm.dll+0x62a8e1]
V  [jvm.dll+0x628946]
V  [jvm.dll+0x23db6f]
V  [jvm.dll+0x632735]
V  [jvm.dll+0x1eda2b]
V  [jvm.dll+0x1edf65]
V  [jvm.dll+0x1ee884]
V  [jvm.dll+0x1e3dcc]
V  [jvm.dll+0x547f8d]
V  [jvm.dll+0x7bd285]
V  [jvm.dll+0x7bd39e]
V  [jvm.dll+0x4117ca]
V  [jvm.dll+0x417949]
C  [java.dll+0x17ec]

Java frames: (J=compiled Java code, j=interpreted, Vv=VM code)
j  java.lang.ClassLoader.defineClass1(Ljava/lang/ClassLoader;Ljava/lang/String;[BIILjava/security/ProtectionDomain;Ljava/lang/String;)Ljava/lang/Class;+0 java.base@17.0.6
j  java.lang.ClassLoader.defineClass(Ljava/lang/String;[BIILjava/security/ProtectionDomain;)Ljava/lang/Class;+27 java.base@17.0.6
j  java.security.SecureClassLoader.defineClass(Ljava/lang/String;[BIILjava/security/CodeSource;)Ljava/lang/Class;+12 java.base@17.0.6
j  jdk.internal.loader.BuiltinClassLoader.defineClass(Ljava/lang/String;Ljdk/internal/loader/Resource;)Ljava/lang/Class;+117 java.base@17.0.6
j  jdk.internal.loader.BuiltinClassLoader.findClassOnClassPathOrNull(Ljava/lang/String;)Ljava/lang/Class;+37 java.base@17.0.6
J 663 c1 jdk.internal.loader.BuiltinClassLoader.loadClassOrNull(Ljava/lang/String;Z)Ljava/lang/Class; java.base@17.0.6 (143 bytes) @ 0x000001b8800f84d4 [0x000001b8800f75c0+0x0000000000000f14]
J 665 c1 jdk.internal.loader.BuiltinClassLoader.loadClass(Ljava/lang/String;Z)Ljava/lang/Class; java.base@17.0.6 (22 bytes) @ 0x000001b8800f9a4c [0x000001b8800f9940+0x000000000000010c]
j  jdk.internal.loader.ClassLoaders$AppClassLoader.loadClass(Ljava/lang/String;Z)Ljava/lang/Class;+36 java.base@17.0.6
J 664 c1 java.lang.ClassLoader.loadClass(Ljava/lang/String;)Ljava/lang/Class; java.base@17.0.6 (7 bytes) @ 0x000001b8800f964c [0x000001b8800f9540+0x000000000000010c]
v  ~StubRoutines::call_stub
j  externalApp.ExternalAppUtil.sendIdeRequest(Ljava/lang/String;ILjava/lang/String;Ljava/lang/String;)LexternalApp/ExternalAppUtil$Result;+196
j  git4idea.http.GitAskPassApp.main([Ljava/lang/String;)V+37
v  ~StubRoutines::call_stub

---------------  P R O C E S S  ---------------

Threads class SMR info:
_java_thread_list=0x000001b8ff920230, length=16, elements={
0x000001b8f72ede00, 0x000001b8ff01f140, 0x000001b8ff020750, 0x000001b8ff06e690,
0x000001b8ff06f240, 0x000001b8ff0724a0, 0x000001b8ff075630, 0x000001b8ff0748d0,
0x000001b8ff08b570, 0x000001b8ff097300, 0x000001b8ff1eed50, 0x000001b8ff1faf70,
0x000001b8ff657c00, 0x000001b8ff8160a0, 0x000001b8ff84d080, 0x000001b8ff9144e0
}

Java Threads: ( => current thread )
=>0x000001b8f72ede00 JavaThread "main" [_thread_in_vm, id=14596, stack(0x0000009e31700000,0x0000009e31800000)]
  0x000001b8ff01f140 JavaThread "Reference Handler" daemon [_thread_blocked, id=11120, stack(0x0000009e31e00000,0x0000009e31f00000)]
  0x000001b8ff020750 JavaThread "Finalizer" daemon [_thread_blocked, id=20040, stack(0x0000009e31f00000,0x0000009e32000000)]
  0x000001b8ff06e690 JavaThread "Signal Dispatcher" daemon [_thread_blocked, id=10320, stack(0x0000009e32000000,0x0000009e32100000)]
  0x000001b8ff06f240 JavaThread "Attach Listener" daemon [_thread_blocked, id=4720, stack(0x0000009e32100000,0x0000009e32200000)]
  0x000001b8ff0724a0 JavaThread "Service Thread" daemon [_thread_blocked, id=19544, stack(0x0000009e32200000,0x0000009e32300000)]
  0x000001b8ff075630 JavaThread "Monitor Deflation Thread" daemon [_thread_blocked, id=7336, stack(0x0000009e32300000,0x0000009e32400000)]
  0x000001b8ff0748d0 JavaThread "C2 CompilerThread0" daemon [_thread_blocked, id=14116, stack(0x0000009e32400000,0x0000009e32500000)]
  0x000001b8ff08b570 JavaThread "C1 CompilerThread0" daemon [_thread_in_vm, id=11964, stack(0x0000009e32500000,0x0000009e32600000)]
  0x000001b8ff097300 JavaThread "Sweeper thread" daemon [_thread_blocked, id=3864, stack(0x0000009e32600000,0x0000009e32700000)]
  0x000001b8ff1eed50 JavaThread "Notification Thread" daemon [_thread_blocked, id=22048, stack(0x0000009e32700000,0x0000009e32800000)]
  0x000001b8ff1faf70 JavaThread "Common-Cleaner" daemon [_thread_blocked, id=7524, stack(0x0000009e32900000,0x0000009e32a00000)]
  0x000001b8ff657c00 JavaThread "HttpClient-1-SelectorManager" daemon [_thread_in_native, id=20552, stack(0x0000009e32a00000,0x0000009e32b00000)]
  0x000001b8ff8160a0 JavaThread "HttpClient-1-Worker-0" daemon [_thread_blocked, id=20488, stack(0x0000009e32c00000,0x0000009e32d00000)]
  0x000001b8ff84d080 JavaThread "HttpClient-1-Worker-1" daemon [_thread_blocked, id=16516, stack(0x0000009e32d00000,0x0000009e32e00000)]
  0x000001b8ff9144e0 JavaThread "C2 CompilerThread1" daemon [_thread_blocked, id=2620, stack(0x0000009e33100000,0x0000009e33200000)]

Other Threads:
  0x000001b8fe75eb60 VMThread "VM Thread" [stack: 0x0000009e31d00000,0x0000009e31e00000] [id=19220]
  0x000001b8ff1ef430 WatcherThread [stack: 0x0000009e32800000,0x0000009e32900000] [id=20688]
  0x000001b8f7358e80 GCTaskThread "GC Thread#0" [stack: 0x0000009e31800000,0x0000009e31900000] [id=22516]
  0x000001b8ff83e410 GCTaskThread "GC Thread#1" [stack: 0x0000009e32e00000,0x0000009e32f00000] [id=20288]
  0x000001b8ff83e6c0 GCTaskThread "GC Thread#2" [stack: 0x0000009e32f00000,0x0000009e33000000] [id=18664]
  0x000001b8ff84e1a0 GCTaskThread "GC Thread#3" [stack: 0x0000009e33000000,0x0000009e33100000] [id=14112]
  0x000001b8f7369bc0 ConcurrentGCThread "G1 Main Marker" [stack: 0x0000009e31900000,0x0000009e31a00000] [id=20000]
  0x000001b8f736ad70 ConcurrentGCThread "G1 Conc#0" [stack: 0x0000009e31a00000,0x0000009e31b00000] [id=22352]
  0x000001b8fe5e44e0 ConcurrentGCThread "G1 Refine#0" [stack: 0x0000009e31b00000,0x0000009e31c00000] [id=20636]
  0x000001b8f73ad050 ConcurrentGCThread "G1 Service" [stack: 0x0000009e31c00000,0x0000009e31d00000] [id=4764]

Threads with active compile tasks:
C1 CompilerThread0     1273 1113       3       java.lang.ClassLoader::postDefineClass (39 bytes)

VM state: not at safepoint (normal execution)

VM Mutex/Monitor currently owned by a thread:  ([mutex/lock_event])
[0x000001b8f52eb260] Metaspace_lock - owner thread: 0x000001b8f72ede00
[0x000001b8f72e8330] MethodData_lock - owner thread: 0x000001b8ff08b570

Heap address: 0x0000000702000000, size: 4064 MB, Compressed Oops mode: Zero based, Oop shift amount: 3

CDS archive(s) not mapped
Compressed class space mapped at: 0x0000000800000000-0x0000000840000000, reserved size: 1073741824
Narrow klass base: 0x0000000800000000, Narrow klass shift: 0, Narrow klass range: 0x40000000

GC Precious Log:
 CPUs: 4 total, 4 available
 Memory: 16249M
 Large Page Support: Disabled
 NUMA Support: Disabled
 Compressed Oops: Enabled (Zero based)
 Heap Region Size: 2M
 Heap Min Capacity: 8M
 Heap Initial Capacity: 254M
 Heap Max Capacity: 4064M
 Pre-touch: Disabled
 Parallel Workers: 4
 Concurrent Workers: 1
 Concurrent Refinement Workers: 4
 Periodic GC: Disabled

Heap:
 garbage-first heap   total 260096K, used 4292K [0x0000000702000000, 0x0000000800000000)
  region size 2048K, 3 young (6144K), 1 survivors (2048K)
 Metaspace       used 16828K, committed 16960K, reserved 1064960K
  class space    used 1790K, committed 1856K, reserved 1048576K

Heap Regions: E=young(eden), S=young(survivor), O=old, HS=humongous(starts), HC=humongous(continues), CS=collection set, F=free, OA=open archive, CA=closed archive, TAMS=top-at-mark-start (previous, next)
|   0|0x0000000702000000, 0x0000000702031200, 0x0000000702200000|  9%| O|  |TAMS 0x0000000702000000, 0x0000000702000000| Untracked 
|   1|0x0000000702200000, 0x0000000702200000, 0x0000000702400000|  0%| F|  |TAMS 0x0000000702200000, 0x0000000702200000| Untracked 
|   2|0x0000000702400000, 0x0000000702400000, 0x0000000702600000|  0%| F|  |TAMS 0x0000000702400000, 0x0000000702400000| Untracked 
|   3|0x0000000702600000, 0x0000000702600000, 0x0000000702800000|  0%| F|  |TAMS 0x0000000702600000, 0x0000000702600000| Untracked 
|   4|0x0000000702800000, 0x0000000702800000, 0x0000000702a00000|  0%| F|  |TAMS 0x0000000702800000, 0x0000000702800000| Untracked 
|   5|0x0000000702a00000, 0x0000000702a00000, 0x0000000702c00000|  0%| F|  |TAMS 0x0000000702a00000, 0x0000000702a00000| Untracked 
|   6|0x0000000702c00000, 0x0000000702c00000, 0x0000000702e00000|  0%| F|  |TAMS 0x0000000702c00000, 0x0000000702c00000| Untracked 
|   7|0x0000000702e00000, 0x0000000702e00000, 0x0000000703000000|  0%| F|  |TAMS 0x0000000702e00000, 0x0000000702e00000| Untracked 
|   8|0x0000000703000000, 0x0000000703000000, 0x0000000703200000|  0%| F|  |TAMS 0x0000000703000000, 0x0000000703000000| Untracked 
|   9|0x0000000703200000, 0x0000000703200000, 0x0000000703400000|  0%| F|  |TAMS 0x0000000703200000, 0x0000000703200000| Untracked 
|  10|0x0000000703400000, 0x0000000703400000, 0x0000000703600000|  0%| F|  |TAMS 0x0000000703400000, 0x0000000703400000| Untracked 
|  11|0x0000000703600000, 0x0000000703600000, 0x0000000703800000|  0%| F|  |TAMS 0x0000000703600000, 0x0000000703600000| Untracked 
|  12|0x0000000703800000, 0x0000000703800000, 0x0000000703a00000|  0%| F|  |TAMS 0x0000000703800000, 0x0000000703800000| Untracked 
|  13|0x0000000703a00000, 0x0000000703a00000, 0x0000000703c00000|  0%| F|  |TAMS 0x0000000703a00000, 0x0000000703a00000| Untracked 
|  14|0x0000000703c00000, 0x0000000703c00000, 0x0000000703e00000|  0%| F|  |TAMS 0x0000000703c00000, 0x0000000703c00000| Untracked 
|  15|0x0000000703e00000, 0x0000000703e00000, 0x0000000704000000|  0%| F|  |TAMS 0x0000000703e00000, 0x0000000703e00000| Untracked 
|  16|0x0000000704000000, 0x0000000704000000, 0x0000000704200000|  0%| F|  |TAMS 0x0000000704000000, 0x0000000704000000| Untracked 
|  17|0x0000000704200000, 0x0000000704200000, 0x0000000704400000|  0%| F|  |TAMS 0x0000000704200000, 0x0000000704200000| Untracked 
|  18|0x0000000704400000, 0x0000000704400000, 0x0000000704600000|  0%| F|  |TAMS 0x0000000704400000, 0x0000000704400000| Untracked 
|  19|0x0000000704600000, 0x0000000704600000, 0x0000000704800000|  0%| F|  |TAMS 0x0000000704600000, 0x0000000704600000| Untracked 
|  20|0x0000000704800000, 0x0000000704800000, 0x0000000704a00000|  0%| F|  |TAMS 0x0000000704800000, 0x0000000704800000| Untracked 
|  21|0x0000000704a00000, 0x0000000704a00000, 0x0000000704c00000|  0%| F|  |TAMS 0x0000000704a00000, 0x0000000704a00000| Untracked 
|  22|0x0000000704c00000, 0x0000000704c00000, 0x0000000704e00000|  0%| F|  |TAMS 0x0000000704c00000, 0x0000000704c00000| Untracked 
|  23|0x0000000704e00000, 0x0000000704e00000, 0x0000000705000000|  0%| F|  |TAMS 0x0000000704e00000, 0x0000000704e00000| Untracked 
|  24|0x0000000705000000, 0x0000000705000000, 0x0000000705200000|  0%| F|  |TAMS 0x0000000705000000, 0x0000000705000000| Untracked 
|  25|0x0000000705200000, 0x0000000705200000, 0x0000000705400000|  0%| F|  |TAMS 0x0000000705200000, 0x0000000705200000| Untracked 
|  26|0x0000000705400000, 0x0000000705400000, 0x0000000705600000|  0%| F|  |TAMS 0x0000000705400000, 0x0000000705400000| Untracked 
|  27|0x0000000705600000, 0x0000000705600000, 0x0000000705800000|  0%| F|  |TAMS 0x0000000705600000, 0x0000000705600000| Untracked 
|  28|0x0000000705800000, 0x0000000705800000, 0x0000000705a00000|  0%| F|  |TAMS 0x0000000705800000, 0x0000000705800000| Untracked 
|  29|0x0000000705a00000, 0x0000000705a00000, 0x0000000705c00000|  0%| F|  |TAMS 0x0000000705a00000, 0x0000000705a00000| Untracked 
|  30|0x0000000705c00000, 0x0000000705c00000, 0x0000000705e00000|  0%| F|  |TAMS 0x0000000705c00000, 0x0000000705c00000| Untracked 
|  31|0x0000000705e00000, 0x0000000705e00000, 0x0000000706000000|  0%| F|  |TAMS 0x0000000705e00000, 0x0000000705e00000| Untracked 
|  32|0x0000000706000000, 0x0000000706000000, 0x0000000706200000|  0%| F|  |TAMS 0x0000000706000000, 0x0000000706000000| Untracked 
|  33|0x0000000706200000, 0x0000000706200000, 0x0000000706400000|  0%| F|  |TAMS 0x0000000706200000, 0x0000000706200000| Untracked 
|  34|0x0000000706400000, 0x0000000706400000, 0x0000000706600000|  0%| F|  |TAMS 0x0000000706400000, 0x0000000706400000| Untracked 
|  35|0x0000000706600000, 0x0000000706600000, 0x0000000706800000|  0%| F|  |TAMS 0x0000000706600000, 0x0000000706600000| Untracked 
|  36|0x0000000706800000, 0x0000000706800000, 0x0000000706a00000|  0%| F|  |TAMS 0x0000000706800000, 0x0000000706800000| Untracked 
|  37|0x0000000706a00000, 0x0000000706a00000, 0x0000000706c00000|  0%| F|  |TAMS 0x0000000706a00000, 0x0000000706a00000| Untracked 
|  38|0x0000000706c00000, 0x0000000706c00000, 0x0000000706e00000|  0%| F|  |TAMS 0x0000000706c00000, 0x0000000706c00000| Untracked 
|  39|0x0000000706e00000, 0x0000000706e00000, 0x0000000707000000|  0%| F|  |TAMS 0x0000000706e00000, 0x0000000706e00000| Untracked 
|  40|0x0000000707000000, 0x0000000707000000, 0x0000000707200000|  0%| F|  |TAMS 0x0000000707000000, 0x0000000707000000| Untracked 
|  41|0x0000000707200000, 0x0000000707200000, 0x0000000707400000|  0%| F|  |TAMS 0x0000000707200000, 0x0000000707200000| Untracked 
|  42|0x0000000707400000, 0x0000000707400000, 0x0000000707600000|  0%| F|  |TAMS 0x0000000707400000, 0x0000000707400000| Untracked 
|  43|0x0000000707600000, 0x0000000707600000, 0x0000000707800000|  0%| F|  |TAMS 0x0000000707600000, 0x0000000707600000| Untracked 
|  44|0x0000000707800000, 0x0000000707800000, 0x0000000707a00000|  0%| F|  |TAMS 0x0000000707800000, 0x0000000707800000| Untracked 
|  45|0x0000000707a00000, 0x0000000707a00000, 0x0000000707c00000|  0%| F|  |TAMS 0x0000000707a00000, 0x0000000707a00000| Untracked 
|  46|0x0000000707c00000, 0x0000000707c00000, 0x0000000707e00000|  0%| F|  |TAMS 0x0000000707c00000, 0x0000000707c00000| Untracked 
|  47|0x0000000707e00000, 0x0000000707e00000, 0x0000000708000000|  0%| F|  |TAMS 0x0000000707e00000, 0x0000000707e00000| Untracked 
|  48|0x0000000708000000, 0x0000000708000000, 0x0000000708200000|  0%| F|  |TAMS 0x0000000708000000, 0x0000000708000000| Untracked 
|  49|0x0000000708200000, 0x0000000708200000, 0x0000000708400000|  0%| F|  |TAMS 0x0000000708200000, 0x0000000708200000| Untracked 
|  50|0x0000000708400000, 0x0000000708400000, 0x0000000708600000|  0%| F|  |TAMS 0x0000000708400000, 0x0000000708400000| Untracked 
|  51|0x0000000708600000, 0x0000000708600000, 0x0000000708800000|  0%| F|  |TAMS 0x0000000708600000, 0x0000000708600000| Untracked 
|  52|0x0000000708800000, 0x0000000708800000, 0x0000000708a00000|  0%| F|  |TAMS 0x0000000708800000, 0x0000000708800000| Untracked 
|  53|0x0000000708a00000, 0x0000000708a00000, 0x0000000708c00000|  0%| F|  |TAMS 0x0000000708a00000, 0x0000000708a00000| Untracked 
|  54|0x0000000708c00000, 0x0000000708c00000, 0x0000000708e00000|  0%| F|  |TAMS 0x0000000708c00000, 0x0000000708c00000| Untracked 
|  55|0x0000000708e00000, 0x0000000708e00000, 0x0000000709000000|  0%| F|  |TAMS 0x0000000708e00000, 0x0000000708e00000| Untracked 
|  56|0x0000000709000000, 0x0000000709000000, 0x0000000709200000|  0%| F|  |TAMS 0x0000000709000000, 0x0000000709000000| Untracked 
|  57|0x0000000709200000, 0x0000000709200000, 0x0000000709400000|  0%| F|  |TAMS 0x0000000709200000, 0x0000000709200000| Untracked 
|  58|0x0000000709400000, 0x0000000709400000, 0x0000000709600000|  0%| F|  |TAMS 0x0000000709400000, 0x0000000709400000| Untracked 
|  59|0x0000000709600000, 0x0000000709600000, 0x0000000709800000|  0%| F|  |TAMS 0x0000000709600000, 0x0000000709600000| Untracked 
|  60|0x0000000709800000, 0x0000000709800000, 0x0000000709a00000|  0%| F|  |TAMS 0x0000000709800000, 0x0000000709800000| Untracked 
|  61|0x0000000709a00000, 0x0000000709a00000, 0x0000000709c00000|  0%| F|  |TAMS 0x0000000709a00000, 0x0000000709a00000| Untracked 
|  62|0x0000000709c00000, 0x0000000709c00000, 0x0000000709e00000|  0%| F|  |TAMS 0x0000000709c00000, 0x0000000709c00000| Untracked 
|  63|0x0000000709e00000, 0x0000000709e00000, 0x000000070a000000|  0%| F|  |TAMS 0x0000000709e00000, 0x0000000709e00000| Untracked 
|  64|0x000000070a000000, 0x000000070a000000, 0x000000070a200000|  0%| F|  |TAMS 0x000000070a000000, 0x000000070a000000| Untracked 
|  65|0x000000070a200000, 0x000000070a200000, 0x000000070a400000|  0%| F|  |TAMS 0x000000070a200000, 0x000000070a200000| Untracked 
|  66|0x000000070a400000, 0x000000070a400000, 0x000000070a600000|  0%| F|  |TAMS 0x000000070a400000, 0x000000070a400000| Untracked 
|  67|0x000000070a600000, 0x000000070a600000, 0x000000070a800000|  0%| F|  |TAMS 0x000000070a600000, 0x000000070a600000| Untracked 
|  68|0x000000070a800000, 0x000000070a800000, 0x000000070aa00000|  0%| F|  |TAMS 0x000000070a800000, 0x000000070a800000| Untracked 
|  69|0x000000070aa00000, 0x000000070aa00000, 0x000000070ac00000|  0%| F|  |TAMS 0x000000070aa00000, 0x000000070aa00000| Untracked 
|  70|0x000000070ac00000, 0x000000070ac00000, 0x000000070ae00000|  0%| F|  |TAMS 0x000000070ac00000, 0x000000070ac00000| Untracked 
|  71|0x000000070ae00000, 0x000000070ae00000, 0x000000070b000000|  0%| F|  |TAMS 0x000000070ae00000, 0x000000070ae00000| Untracked 
|  72|0x000000070b000000, 0x000000070b000000, 0x000000070b200000|  0%| F|  |TAMS 0x000000070b000000, 0x000000070b000000| Untracked 
|  73|0x000000070b200000, 0x000000070b200000, 0x000000070b400000|  0%| F|  |TAMS 0x000000070b200000, 0x000000070b200000| Untracked 
|  74|0x000000070b400000, 0x000000070b400000, 0x000000070b600000|  0%| F|  |TAMS 0x000000070b400000, 0x000000070b400000| Untracked 
|  75|0x000000070b600000, 0x000000070b600000, 0x000000070b800000|  0%| F|  |TAMS 0x000000070b600000, 0x000000070b600000| Untracked 
|  76|0x000000070b800000, 0x000000070b800000, 0x000000070ba00000|  0%| F|  |TAMS 0x000000070b800000, 0x000000070b800000| Untracked 
|  77|0x000000070ba00000, 0x000000070ba00000, 0x000000070bc00000|  0%| F|  |TAMS 0x000000070ba00000, 0x000000070ba00000| Untracked 
|  78|0x000000070bc00000, 0x000000070bc00000, 0x000000070be00000|  0%| F|  |TAMS 0x000000070bc00000, 0x000000070bc00000| Untracked 
|  79|0x000000070be00000, 0x000000070be00000, 0x000000070c000000|  0%| F|  |TAMS 0x000000070be00000, 0x000000070be00000| Untracked 
|  80|0x000000070c000000, 0x000000070c000000, 0x000000070c200000|  0%| F|  |TAMS 0x000000070c000000, 0x000000070c000000| Untracked 
|  81|0x000000070c200000, 0x000000070c200000, 0x000000070c400000|  0%| F|  |TAMS 0x000000070c200000, 0x000000070c200000| Untracked 
|  82|0x000000070c400000, 0x000000070c400000, 0x000000070c600000|  0%| F|  |TAMS 0x000000070c400000, 0x000000070c400000| Untracked 
|  83|0x000000070c600000, 0x000000070c600000, 0x000000070c800000|  0%| F|  |TAMS 0x000000070c600000, 0x000000070c600000| Untracked 
|  84|0x000000070c800000, 0x000000070c800000, 0x000000070ca00000|  0%| F|  |TAMS 0x000000070c800000, 0x000000070c800000| Untracked 
|  85|0x000000070ca00000, 0x000000070ca00000, 0x000000070cc00000|  0%| F|  |TAMS 0x000000070ca00000, 0x000000070ca00000| Untracked 
|  86|0x000000070cc00000, 0x000000070cc00000, 0x000000070ce00000|  0%| F|  |TAMS 0x000000070cc00000, 0x000000070cc00000| Untracked 
|  87|0x000000070ce00000, 0x000000070ce00000, 0x000000070d000000|  0%| F|  |TAMS 0x000000070ce00000, 0x000000070ce00000| Untracked 
|  88|0x000000070d000000, 0x000000070d000000, 0x000000070d200000|  0%| F|  |TAMS 0x000000070d000000, 0x000000070d000000| Untracked 
|  89|0x000000070d200000, 0x000000070d200000, 0x000000070d400000|  0%| F|  |TAMS 0x000000070d200000, 0x000000070d200000| Untracked 
|  90|0x000000070d400000, 0x000000070d400000, 0x000000070d600000|  0%| F|  |TAMS 0x000000070d400000, 0x000000070d400000| Untracked 
|  91|0x000000070d600000, 0x000000070d600000, 0x000000070d800000|  0%| F|  |TAMS 0x000000070d600000, 0x000000070d600000| Untracked 
|  92|0x000000070d800000, 0x000000070d800000, 0x000000070da00000|  0%| F|  |TAMS 0x000000070d800000, 0x000000070d800000| Untracked 
|  93|0x000000070da00000, 0x000000070da00000, 0x000000070dc00000|  0%| F|  |TAMS 0x000000070da00000, 0x000000070da00000| Untracked 
|  94|0x000000070dc00000, 0x000000070dc00000, 0x000000070de00000|  0%| F|  |TAMS 0x000000070dc00000, 0x000000070dc00000| Untracked 
|  95|0x000000070de00000, 0x000000070de00000, 0x000000070e000000|  0%| F|  |TAMS 0x000000070de00000, 0x000000070de00000| Untracked 
|  96|0x000000070e000000, 0x000000070e000000, 0x000000070e200000|  0%| F|  |TAMS 0x000000070e000000, 0x000000070e000000| Untracked 
|  97|0x000000070e200000, 0x000000070e200000, 0x000000070e400000|  0%| F|  |TAMS 0x000000070e200000, 0x000000070e200000| Untracked 
|  98|0x000000070e400000, 0x000000070e400000, 0x000000070e600000|  0%| F|  |TAMS 0x000000070e400000, 0x000000070e400000| Untracked 
|  99|0x000000070e600000, 0x000000070e600000, 0x000000070e800000|  0%| F|  |TAMS 0x000000070e600000, 0x000000070e600000| Untracked 
| 100|0x000000070e800000, 0x000000070e800000, 0x000000070ea00000|  0%| F|  |TAMS 0x000000070e800000, 0x000000070e800000| Untracked 
| 101|0x000000070ea00000, 0x000000070ea00000, 0x000000070ec00000|  0%| F|  |TAMS 0x000000070ea00000, 0x000000070ea00000| Untracked 
| 102|0x000000070ec00000, 0x000000070ec00000, 0x000000070ee00000|  0%| F|  |TAMS 0x000000070ec00000, 0x000000070ec00000| Untracked 
| 103|0x000000070ee00000, 0x000000070ee00000, 0x000000070f000000|  0%| F|  |TAMS 0x000000070ee00000, 0x000000070ee00000| Untracked 
| 104|0x000000070f000000, 0x000000070f000000, 0x000000070f200000|  0%| F|  |TAMS 0x000000070f000000, 0x000000070f000000| Untracked 
| 105|0x000000070f200000, 0x000000070f200000, 0x000000070f400000|  0%| F|  |TAMS 0x000000070f200000, 0x000000070f200000| Untracked 
| 106|0x000000070f400000, 0x000000070f400000, 0x000000070f600000|  0%| F|  |TAMS 0x000000070f400000, 0x000000070f400000| Untracked 
| 107|0x000000070f600000, 0x000000070f600000, 0x000000070f800000|  0%| F|  |TAMS 0x000000070f600000, 0x000000070f600000| Untracked 
| 108|0x000000070f800000, 0x000000070f800000, 0x000000070fa00000|  0%| F|  |TAMS 0x000000070f800000, 0x000000070f800000| Untracked 
| 109|0x000000070fa00000, 0x000000070fa00000, 0x000000070fc00000|  0%| F|  |TAMS 0x000000070fa00000, 0x000000070fa00000| Untracked 
| 110|0x000000070fc00000, 0x000000070fc00000, 0x000000070fe00000|  0%| F|  |TAMS 0x000000070fc00000, 0x000000070fc00000| Untracked 
| 111|0x000000070fe00000, 0x000000070fe00000, 0x0000000710000000|  0%| F|  |TAMS 0x000000070fe00000, 0x000000070fe00000| Untracked 
| 112|0x0000000710000000, 0x0000000710000000, 0x0000000710200000|  0%| F|  |TAMS 0x0000000710000000, 0x0000000710000000| Untracked 
| 113|0x0000000710200000, 0x0000000710200000, 0x0000000710400000|  0%| F|  |TAMS 0x0000000710200000, 0x0000000710200000| Untracked 
| 114|0x0000000710400000, 0x0000000710400000, 0x0000000710600000|  0%| F|  |TAMS 0x0000000710400000, 0x0000000710400000| Untracked 
| 115|0x0000000710600000, 0x0000000710600000, 0x0000000710800000|  0%| F|  |TAMS 0x0000000710600000, 0x0000000710600000| Untracked 
| 116|0x0000000710800000, 0x0000000710800000, 0x0000000710a00000|  0%| F|  |TAMS 0x0000000710800000, 0x0000000710800000| Untracked 
| 117|0x0000000710a00000, 0x0000000710a00000, 0x0000000710c00000|  0%| F|  |TAMS 0x0000000710a00000, 0x0000000710a00000| Untracked 
| 118|0x0000000710c00000, 0x0000000710c00000, 0x0000000710e00000|  0%| F|  |TAMS 0x0000000710c00000, 0x0000000710c00000| Untracked 
| 119|0x0000000710e00000, 0x0000000710e00000, 0x0000000711000000|  0%| F|  |TAMS 0x0000000710e00000, 0x0000000710e00000| Untracked 
| 120|0x0000000711000000, 0x0000000711200000, 0x0000000711200000|100%| S|CS|TAMS 0x0000000711000000, 0x0000000711000000| Complete 
| 121|0x0000000711200000, 0x0000000711200000, 0x0000000711400000|  0%| F|  |TAMS 0x0000000711200000, 0x0000000711200000| Untracked 
| 122|0x0000000711400000, 0x0000000711400000, 0x0000000711600000|  0%| F|  |TAMS 0x0000000711400000, 0x0000000711400000| Untracked 
| 123|0x0000000711600000, 0x0000000711600000, 0x0000000711800000|  0%| F|  |TAMS 0x0000000711600000, 0x0000000711600000| Untracked 
| 124|0x0000000711800000, 0x0000000711800000, 0x0000000711a00000|  0%| F|  |TAMS 0x0000000711800000, 0x0000000711800000| Untracked 
| 125|0x0000000711a00000, 0x0000000711b288f8, 0x0000000711c00000| 57%| E|  |TAMS 0x0000000711a00000, 0x0000000711a00000| Complete 
| 126|0x0000000711c00000, 0x0000000711e00000, 0x0000000711e00000|100%| E|CS|TAMS 0x0000000711c00000, 0x0000000711c00000| Complete 

Card table byte_map: [0x000001b8fb250000,0x000001b8fba40000] _byte_map_base: 0x000001b8f7a40000

Marking Bits (Prev, Next): (CMBitMap*) 0x000001b8f7359490, (CMBitMap*) 0x000001b8f73594d0
 Prev Bits: [0x000001b88f000000, 0x000001b892f80000)
 Next Bits: [0x000001b892f80000, 0x000001b896f00000)

Polling page: 0x000001b8f51a0000

Metaspace:

Usage:
  Non-class:     14.69 MB used.
      Class:      1.75 MB used.
       Both:     16.43 MB used.

Virtual space:
  Non-class space:       16.00 MB reserved,      14.75 MB ( 92%) committed,  2 nodes.
      Class space:        1.00 GB reserved,       1.81 MB ( <1%) committed,  1 nodes.
             Both:        1.02 GB reserved,      16.56 MB (  2%) committed. 

Chunk freelists:
   Non-Class:  636.00 KB
       Class:  2.14 MB
        Both:  2.76 MB

MaxMetaspaceSize: unlimited
CompressedClassSpaceSize: 1.00 GB
Initial GC threshold: 21.00 MB
Current GC threshold: 21.00 MB
CDS: off
MetaspaceReclaimPolicy: balanced
 - commit_granule_bytes: 65536.
 - commit_granule_words: 8192.
 - virtual_space_node_default_size: 1048576.
 - enlarge_chunks_in_place: 1.
 - new_chunks_are_fully_committed: 0.
 - uncommit_free_chunks: 1.
 - use_allocation_guard: 0.
 - handle_deallocations: 1.


Internal statistics:

num_allocs_failed_limit: 0.
num_arena_births: 168.
num_arena_deaths: 0.
num_vsnodes_births: 3.
num_vsnodes_deaths: 0.
num_space_committed: 265.
num_space_uncommitted: 0.
num_chunks_returned_to_freelist: 0.
num_chunks_taken_from_freelist: 342.
num_chunk_merges: 0.
num_chunk_splits: 202.
num_chunks_enlarged: 118.
num_purges: 0.
num_inconsistent_stats: 0.

CodeHeap 'non-profiled nmethods': size=120000Kb used=335Kb max_used=335Kb free=119664Kb
 bounds [0x000001b887ad0000, 0x000001b887d40000, 0x000001b88f000000]
CodeHeap 'profiled nmethods': size=120000Kb used=1823Kb max_used=1823Kb free=118176Kb
 bounds [0x000001b880000000, 0x000001b880270000, 0x000001b887530000]
CodeHeap 'non-nmethods': size=5760Kb used=1191Kb max_used=1212Kb free=4568Kb
 bounds [0x000001b887530000, 0x000001b8877a0000, 0x000001b887ad0000]
 total_blobs=1597 nmethods=1111 adapters=399
 compilation: enabled
              stopped_count=0, restarted_count=0
 full_count=0

Compilation events (20 events):
Event: 1.206 Thread 0x000001b8ff08b570 nmethod 1100 0x000001b8801c2b10 code [0x000001b8801c2ce0, 0x000001b8801c3248]
Event: 1.207 Thread 0x000001b8ff08b570 1101       3       java.lang.invoke.MethodHandleNatives::canBeCalledVirtual (50 bytes)
Event: 1.207 Thread 0x000001b8ff08b570 nmethod 1101 0x000001b8801c3410 code [0x000001b8801c3600, 0x000001b8801c3ae8]
Event: 1.208 Thread 0x000001b8ff08b570 1102       3       java.lang.invoke.MethodHandleNatives::isCallerSensitive (29 bytes)
Event: 1.208 Thread 0x000001b8ff08b570 nmethod 1102 0x000001b8801c3c90 code [0x000001b8801c3e80, 0x000001b8801c4408]
Event: 1.208 Thread 0x000001b8ff08b570 1103       3       java.lang.invoke.DirectMethodHandle::preparedLambdaForm (31 bytes)
Event: 1.209 Thread 0x000001b8ff08b570 nmethod 1103 0x000001b8801c4610 code [0x000001b8801c4800, 0x000001b8801c4cc8]
Event: 1.213 Thread 0x000001b8ff08b570 1106       3       java.lang.invoke.DirectMethodHandle$Constructor::<init> (44 bytes)
Event: 1.213 Thread 0x000001b8ff08b570 nmethod 1106 0x000001b8801c4e90 code [0x000001b8801c5040, 0x000001b8801c5268]
Event: 1.213 Thread 0x000001b8ff0748d0 1107       4       java.lang.invoke.MemberName::getReferenceKind (12 bytes)
Event: 1.214 Thread 0x000001b8ff0748d0 nmethod 1107 0x000001b887b21d90 code [0x000001b887b21f00, 0x000001b887b21f78]
Event: 1.216 Thread 0x000001b8ff08b570 1108       3       java.util.Optional::of (12 bytes)
Event: 1.216 Thread 0x000001b8ff08b570 nmethod 1108 0x000001b8801c5310 code [0x000001b8801c54e0, 0x000001b8801c58a8]
Event: 1.217 Thread 0x000001b8ff08b570 1109       3       java.nio.DirectByteBuffer::<init> (60 bytes)
Event: 1.218 Thread 0x000001b8ff08b570 nmethod 1109 0x000001b8801c5a10 code [0x000001b8801c5be0, 0x000001b8801c6038]
Event: 1.218 Thread 0x000001b8ff08b570 1110       3       java.nio.MappedByteBuffer::<init> (24 bytes)
Event: 1.218 Thread 0x000001b8ff08b570 nmethod 1110 0x000001b8801c6190 code [0x000001b8801c6340, 0x000001b8801c6508]
Event: 1.218 Thread 0x000001b8ff08b570 1111       3       sun.net.util.URLUtil::urlNoFragString (114 bytes)
Event: 1.220 Thread 0x000001b8ff08b570 nmethod 1111 0x000001b8801c6610 code [0x000001b8801c6940, 0x000001b8801c7998]
Event: 1.220 Thread 0x000001b8ff08b570 1113       3       java.lang.ClassLoader::postDefineClass (39 bytes)

GC Heap History (2 events):
Event: 1.039 GC heap before
{Heap before GC invocations=0 (full 0):
 garbage-first heap   total 260096K, used 10240K [0x0000000702000000, 0x0000000800000000)
  region size 2048K, 6 young (12288K), 0 survivors (0K)
 Metaspace       used 15248K, committed 15488K, reserved 1064960K
  class space    used 1589K, committed 1728K, reserved 1048576K
}
Event: 1.044 GC heap after
{Heap after GC invocations=1 (full 0):
 garbage-first heap   total 260096K, used 2244K [0x0000000702000000, 0x0000000800000000)
  region size 2048K, 1 young (2048K), 1 survivors (2048K)
 Metaspace       used 15248K, committed 15488K, reserved 1064960K
  class space    used 1589K, committed 1728K, reserved 1048576K
}

Dll operation events (1 events):
Event: 0.012 Loaded shared library C:\Program Files\JetBrains\IntelliJ IDEA 2023.1\jbr\bin\java.dll

Deoptimization events (18 events):
Event: 0.599 Thread 0x000001b8f72ede00 DEOPT PACKING pc=0x000001b8800355ad sp=0x0000009e317fdbd0
Event: 0.599 Thread 0x000001b8f72ede00 DEOPT UNPACKING pc=0x000001b887587143 sp=0x0000009e317fd068 mode 0
Event: 0.602 Thread 0x000001b8f72ede00 Uncommon trap: trap_request=0xffffff45 fr.pc=0x000001b887aeb82c relative=0x000000000000050c
Event: 0.602 Thread 0x000001b8f72ede00 Uncommon trap: reason=unstable_if action=reinterpret pc=0x000001b887aeb82c method=java.lang.AbstractStringBuilder.putStringAt(ILjava/lang/String;II)V @ 8 c2
Event: 0.602 Thread 0x000001b8f72ede00 DEOPT PACKING pc=0x000001b887aeb82c sp=0x0000009e317fdae0
Event: 0.602 Thread 0x000001b8f72ede00 DEOPT UNPACKING pc=0x000001b8875869a3 sp=0x0000009e317fd978 mode 2
Event: 0.785 Thread 0x000001b8f72ede00 Uncommon trap: trap_request=0xffffff45 fr.pc=0x000001b887ae7134 relative=0x0000000000000414
Event: 0.785 Thread 0x000001b8f72ede00 Uncommon trap: reason=unstable_if action=reinterpret pc=0x000001b887ae7134 method=java.lang.StringLatin1.newString([BII)Ljava/lang/String; @ 1 c2
Event: 0.785 Thread 0x000001b8f72ede00 DEOPT PACKING pc=0x000001b887ae7134 sp=0x0000009e317fe350
Event: 0.785 Thread 0x000001b8f72ede00 DEOPT UNPACKING pc=0x000001b8875869a3 sp=0x0000009e317fe318 mode 2
Event: 0.789 Thread 0x000001b8f72ede00 DEOPT PACKING pc=0x000001b880016f67 sp=0x0000009e317fe120
Event: 0.789 Thread 0x000001b8f72ede00 DEOPT UNPACKING pc=0x000001b887587143 sp=0x0000009e317fd540 mode 0
Event: 0.842 Thread 0x000001b8f72ede00 DEOPT PACKING pc=0x000001b8800162d1 sp=0x0000009e317fce50
Event: 0.842 Thread 0x000001b8f72ede00 DEOPT UNPACKING pc=0x000001b887587143 sp=0x0000009e317fc2c8 mode 0
Event: 1.168 Thread 0x000001b8ff657c00 Uncommon trap: trap_request=0xffffff45 fr.pc=0x000001b887ae9ab4 relative=0x00000000000009b4
Event: 1.168 Thread 0x000001b8ff657c00 Uncommon trap: reason=unstable_if action=reinterpret pc=0x000001b887ae9ab4 method=java.util.HashMap.putVal(ILjava/lang/Object;Ljava/lang/Object;ZZ)Ljava/lang/Object; @ 81 c2
Event: 1.168 Thread 0x000001b8ff657c00 DEOPT PACKING pc=0x000001b887ae9ab4 sp=0x0000009e32afee00
Event: 1.168 Thread 0x000001b8ff657c00 DEOPT UNPACKING pc=0x000001b8875869a3 sp=0x0000009e32afedd0 mode 2

Classes unloaded (0 events):
No events

Classes redefined (0 events):
No events

Internal exceptions (20 events):
Event: 0.610 Thread 0x000001b8f72ede00 Exception <a 'java/lang/NoSuchMethodError'{0x0000000711895498}: 'java.lang.Object java.lang.invoke.DirectMethodHandle$Holder.invokeStaticInit(java.lang.Object, java.lang.Object, int, int, int, int)'> (0x0000000711895498) 
thrown [s\src\hotspot\share\interpreter\linkResolver.cpp, line 771]
Event: 0.626 Thread 0x000001b8f72ede00 Exception <a 'java/lang/NoSuchMethodError'{0x00000007118fdf88}: 'java.lang.Object java.lang.invoke.DirectMethodHandle$Holder.invokeStatic(java.lang.Object, java.lang.Object, int)'> (0x00000007118fdf88) 
thrown [s\src\hotspot\share\interpreter\linkResolver.cpp, line 771]
Event: 0.627 Thread 0x000001b8f72ede00 Exception <a 'java/lang/NoSuchMethodError'{0x0000000711901700}: 'java.lang.Object java.lang.invoke.DirectMethodHandle$Holder.invokeStaticInit(java.lang.Object, java.lang.Object, int)'> (0x0000000711901700) 
thrown [s\src\hotspot\share\interpreter\linkResolver.cpp, line 771]
Event: 0.628 Thread 0x000001b8f72ede00 Exception <a 'java/lang/NoSuchMethodError'{0x0000000711907ab0}: 'java.lang.Object java.lang.invoke.DirectMethodHandle$Holder.newInvokeSpecial(java.lang.Object, java.lang.Object, int)'> (0x0000000711907ab0) 
thrown [s\src\hotspot\share\interpreter\linkResolver.cpp, line 771]
Event: 0.633 Thread 0x000001b8f72ede00 Exception <a 'java/lang/NoSuchMethodError'{0x0000000711917410}: 'int java.lang.invoke.DirectMethodHandle$Holder.invokeStaticInit(java.lang.Object, java.lang.Object, java.lang.Object)'> (0x0000000711917410) 
thrown [s\src\hotspot\share\interpreter\linkResolver.cpp, line 771]
Event: 0.637 Thread 0x000001b8f72ede00 Exception <a 'java/lang/NoSuchMethodError'{0x00000007119275f0}: 'int java.lang.invoke.DirectMethodHandle$Holder.invokeSpecial(java.lang.Object, java.lang.Object, java.lang.Object)'> (0x00000007119275f0) 
thrown [s\src\hotspot\share\interpreter\linkResolver.cpp, line 771]
Event: 0.639 Thread 0x000001b8f72ede00 Exception <a 'java/lang/NoSuchMethodError'{0x000000071192f9d0}: 'int java.lang.invoke.DirectMethodHandle$Holder.invokeSpecialIFC(java.lang.Object, java.lang.Object, java.lang.Object)'> (0x000000071192f9d0) 
thrown [s\src\hotspot\share\interpreter\linkResolver.cpp, line 771]
Event: 0.689 Thread 0x000001b8f72ede00 Exception <a 'java/lang/NoSuchMethodError'{0x00000007119bc1d8}: 'java.lang.Object java.lang.invoke.DirectMethodHandle$Holder.invokeStaticInit(java.lang.Object)'> (0x00000007119bc1d8) 
thrown [s\src\hotspot\share\interpreter\linkResolver.cpp, line 771]
Event: 0.804 Thread 0x000001b8f72ede00 Exception <a 'java/lang/NoSuchMethodError'{0x0000000711769590}: 'java.lang.Object java.lang.invoke.DirectMethodHandle$Holder.newInvokeSpecial(java.lang.Object, java.lang.Object, java.lang.Object, java.lang.Object, java.lang.Object)'> (0x0000000711769590) 
thrown [s\src\hotspot\share\interpreter\linkResolver.cpp, line 771]
Event: 0.858 Thread 0x000001b8f72ede00 Exception <a 'java/lang/NoSuchMethodError'{0x00000007114f4808}: 'java.lang.Object java.lang.invoke.DirectMethodHandle$Holder.invokeSpecial(java.lang.Object, java.lang.Object, java.lang.Object, java.lang.Object, int)'> (0x00000007114f4808) 
thrown [s\src\hotspot\share\interpreter\linkResolver.cpp, line 771]
Event: 0.858 Thread 0x000001b8f72ede00 Exception <a 'java/lang/NoSuchMethodError'{0x00000007114f83d0}: 'java.lang.Object java.lang.invoke.Invokers$Holder.linkToTargetMethod(java.lang.Object, java.lang.Object, int, java.lang.Object)'> (0x00000007114f83d0) 
thrown [s\src\hotspot\share\interpreter\linkResolver.cpp, line 771]
Event: 0.874 Thread 0x000001b8f72ede00 Exception <a 'java/lang/NoSuchMethodError'{0x0000000711558770}: 'void java.lang.invoke.DirectMethodHandle$Holder.invokeSpecial(java.lang.Object, java.lang.Object, java.lang.Object)'> (0x0000000711558770) 
thrown [s\src\hotspot\share\interpreter\linkResolver.cpp, line 771]
Event: 0.897 Thread 0x000001b8ff657c00 Exception <a 'java/lang/NoSuchMethodError'{0x0000000711724188}: 'void java.lang.invoke.DirectMethodHandle$Holder.invokeStatic(java.lang.Object, java.lang.Object, int)'> (0x0000000711724188) 
thrown [s\src\hotspot\share\interpreter\linkResolver.cpp, line 771]
Event: 0.897 Thread 0x000001b8f72ede00 Exception <a 'java/lang/NoSuchMethodError'{0x00000007115df488}: 'void java.lang.invoke.DirectMethodHandle$Holder.invokeSpecial(java.lang.Object, java.lang.Object, java.lang.Object, java.lang.Object, java.lang.Object)'> (0x00000007115df488) 
thrown [s\src\hotspot\share\interpreter\linkResolver.cpp, line 771]
Event: 0.909 Thread 0x000001b8ff8160a0 Exception <a 'java/lang/NoSuchMethodError'{0x000000071129f700}: 'void java.lang.invoke.DirectMethodHandle$Holder.invokeInterface(java.lang.Object, java.lang.Object, java.lang.Object)'> (0x000000071129f700) 
thrown [s\src\hotspot\share\interpreter\linkResolver.cpp, line 771]
Event: 0.916 Thread 0x000001b8ff8160a0 Exception <a 'java/lang/NoSuchMethodError'{0x00000007112b5cb8}: 'int java.lang.invoke.DirectMethodHandle$Holder.invokeStaticInit(java.lang.Object, int, int)'> (0x00000007112b5cb8) 
thrown [s\src\hotspot\share\interpreter\linkResolver.cpp, line 771]
Event: 0.928 Thread 0x000001b8ff8160a0 Exception <a 'java/lang/NoSuchMethodError'{0x00000007112f9328}: 'void java.lang.invoke.DirectMethodHandle$Holder.invokeVirtual(java.lang.Object, java.lang.Object)'> (0x00000007112f9328) 
thrown [s\src\hotspot\share\interpreter\linkResolver.cpp, line 771]
Event: 1.056 Thread 0x000001b8ff8160a0 Exception <a 'java/lang/NoSuchMethodError'{0x0000000711c0e018}: 'void java.lang.invoke.DirectMethodHandle$Holder.invokeInterface(java.lang.Object, java.lang.Object)'> (0x0000000711c0e018) 
thrown [s\src\hotspot\share\interpreter\linkResolver.cpp, line 771]
Event: 1.124 Thread 0x000001b8ff8160a0 Exception <a 'java/lang/NoSuchMethodError'{0x0000000711cca228}: 'void java.lang.invoke.DirectMethodHandle$Holder.invokeStatic(java.lang.Object, java.lang.Object, java.lang.Object, java.lang.Object)'> (0x0000000711cca228) 
thrown [s\src\hotspot\share\interpreter\linkResolver.cpp, line 771]
Event: 1.210 Thread 0x000001b8ff8160a0 Exception <a 'java/lang/NoSuchMethodError'{0x0000000711a9d740}: 'void java.lang.invoke.DirectMethodHandle$Holder.invokeSpecial(java.lang.Object, java.lang.Object, java.lang.Object, java.lang.Object, java.lang.Object, java.lang.Object, java.lang.Object)'> (0x0000000711a9d740) 
thrown [s\src\hotspot\share\interpreter\linkResolver.cpp, line 771]

VM Operations (12 events):
Event: 0.205 Executing VM operation: HandshakeAllThreads
Event: 0.206 Executing VM operation: HandshakeAllThreads done
Event: 0.235 Executing VM operation: HandshakeAllThreads
Event: 0.235 Executing VM operation: HandshakeAllThreads done
Event: 0.517 Executing VM operation: HandshakeAllThreads
Event: 0.517 Executing VM operation: HandshakeAllThreads done
Event: 0.694 Executing VM operation: HandshakeAllThreads
Event: 0.694 Executing VM operation: HandshakeAllThreads done
Event: 1.038 Executing VM operation: G1CollectForAllocation
Event: 1.044 Executing VM operation: G1CollectForAllocation done
Event: 1.215 Executing VM operation: HandshakeAllThreads
Event: 1.215 Executing VM operation: HandshakeAllThreads done

Events (20 events):
Event: 1.192 loading class java/util/stream/ReferencePipeline$5
Event: 1.192 loading class java/util/stream/LongPipeline$StatelessOp
Event: 1.192 loading class java/util/stream/LongPipeline
Event: 1.193 loading class java/util/stream/LongStream
Event: 1.193 loading class java/util/stream/LongStream done
Event: 1.194 loading class java/util/stream/LongPipeline done
Event: 1.194 loading class java/util/stream/LongPipeline$StatelessOp done
Event: 1.194 loading class java/util/stream/ReferencePipeline$5 done
Event: 1.194 loading class java/util/stream/FindOps$FindSink$OfLong
Event: 1.194 loading class java/util/stream/Sink$OfLong
Event: 1.194 loading class java/util/function/LongConsumer
Event: 1.194 loading class java/util/function/LongConsumer done
Event: 1.194 loading class java/util/stream/Sink$OfLong done
Event: 1.194 loading class java/util/stream/FindOps$FindSink$OfLong done
Event: 1.195 loading class java/util/OptionalLong
Event: 1.195 loading class java/util/OptionalLong done
Event: 1.196 loading class java/util/stream/ReferencePipeline$5$1
Event: 1.196 loading class java/util/stream/ReferencePipeline$5$1 done
Event: 1.214 loading class java/nio/HeapByteBufferR
Event: 1.215 loading class java/nio/HeapByteBufferR done


Dynamic libraries:
0x00007ff77fd40000 - 0x00007ff77fd4a000 	C:\Program Files\JetBrains\IntelliJ IDEA 2023.1\jbr\bin\java.exe
0x00007ff802730000 - 0x00007ff802928000 	C:\WINDOWS\SYSTEM32\ntdll.dll
0x00007ff801560000 - 0x00007ff80161f000 	C:\WINDOWS\System32\KERNEL32.DLL
0x00007ff800050000 - 0x00007ff80032a000 	C:\WINDOWS\System32\KERNELBASE.dll
0x00007ff800460000 - 0x00007ff800560000 	C:\WINDOWS\System32\ucrtbase.dll
0x00007fffe77e0000 - 0x00007fffe77fb000 	C:\Program Files\JetBrains\IntelliJ IDEA 2023.1\jbr\bin\VCRUNTIME140.dll
0x00007fffdd760000 - 0x00007fffdd777000 	C:\Program Files\JetBrains\IntelliJ IDEA 2023.1\jbr\bin\jli.dll
0x00007ff800d80000 - 0x00007ff800f1d000 	C:\WINDOWS\System32\USER32.dll
0x00007ff8006c0000 - 0x00007ff8006e2000 	C:\WINDOWS\System32\win32u.dll
0x00007ff802660000 - 0x00007ff80268b000 	C:\WINDOWS\System32\GDI32.dll
0x00007fffec690000 - 0x00007fffec92a000 	C:\WINDOWS\WinSxS\amd64_microsoft.windows.common-controls_6595b64144ccf1df_6.0.19041.1110_none_60b5254171f9507e\COMCTL32.dll
0x00007ff8005b0000 - 0x00007ff8006c0000 	C:\WINDOWS\System32\gdi32full.dll
0x00007ff801fb0000 - 0x00007ff80204e000 	C:\WINDOWS\System32\msvcrt.dll
0x00007ff8006f0000 - 0x00007ff80078d000 	C:\WINDOWS\System32\msvcp_win.dll
0x00007ff801690000 - 0x00007ff8016c0000 	C:\WINDOWS\System32\IMM32.DLL
0x00007ffffcb80000 - 0x00007ffffcb8c000 	C:\Program Files\JetBrains\IntelliJ IDEA 2023.1\jbr\bin\vcruntime140_1.dll
0x00007fffdd050000 - 0x00007fffdd0dd000 	C:\Program Files\JetBrains\IntelliJ IDEA 2023.1\jbr\bin\msvcp140.dll
0x00007fff7eee0000 - 0x00007fff7fb4d000 	C:\Program Files\JetBrains\IntelliJ IDEA 2023.1\jbr\bin\server\jvm.dll
0x00007ff800f20000 - 0x00007ff800fce000 	C:\WINDOWS\System32\ADVAPI32.dll
0x00007ff800790000 - 0x00007ff80082c000 	C:\WINDOWS\System32\sechost.dll
0x00007ff802490000 - 0x00007ff8025b6000 	C:\WINDOWS\System32\RPCRT4.dll
0x00007fffeab80000 - 0x00007fffeab89000 	C:\WINDOWS\SYSTEM32\WSOCK32.dll
0x00007fffec5f0000 - 0x00007fffec617000 	C:\WINDOWS\SYSTEM32\WINMM.dll
0x00007ff801620000 - 0x00007ff80168b000 	C:\WINDOWS\System32\WS2_32.dll
0x00007ffffeb70000 - 0x00007ffffeb7a000 	C:\WINDOWS\SYSTEM32\VERSION.dll
0x00007ffffeb30000 - 0x00007ffffeb42000 	C:\WINDOWS\SYSTEM32\kernel.appcore.dll
0x00007ffffae30000 - 0x00007ffffae3a000 	C:\Program Files\JetBrains\IntelliJ IDEA 2023.1\jbr\bin\jimage.dll
0x00007ffffda00000 - 0x00007ffffdbe4000 	C:\WINDOWS\SYSTEM32\DBGHELP.DLL
0x00007fffe8180000 - 0x00007fffe81b4000 	C:\WINDOWS\SYSTEM32\dbgcore.DLL
0x00007ff8003d0000 - 0x00007ff800452000 	C:\WINDOWS\System32\bcryptPrimitives.dll
0x00007fffdf800000 - 0x00007fffdf825000 	C:\Program Files\JetBrains\IntelliJ IDEA 2023.1\jbr\bin\java.dll
0x00007fffdf7e0000 - 0x00007fffdf7f8000 	C:\Program Files\JetBrains\IntelliJ IDEA 2023.1\jbr\bin\zip.dll
0x00007ff8016d0000 - 0x00007ff801e14000 	C:\WINDOWS\System32\SHELL32.dll
0x00007ffffe390000 - 0x00007ffffeb23000 	C:\WINDOWS\SYSTEM32\windows.storage.dll
0x00007ff800fd0000 - 0x00007ff801324000 	C:\WINDOWS\System32\combase.dll
0x00007fffff6d0000 - 0x00007fffff6fe000 	C:\WINDOWS\SYSTEM32\Wldp.dll
0x00007ff8014b0000 - 0x00007ff80155d000 	C:\WINDOWS\System32\SHCORE.dll
0x00007ff801e20000 - 0x00007ff801e75000 	C:\WINDOWS\System32\shlwapi.dll
0x00007fffffd70000 - 0x00007fffffd8f000 	C:\WINDOWS\SYSTEM32\profapi.dll
0x00007fffdf640000 - 0x00007fffdf659000 	C:\Program Files\JetBrains\IntelliJ IDEA 2023.1\jbr\bin\net.dll
0x00007ffff75c0000 - 0x00007ffff76ca000 	C:\WINDOWS\SYSTEM32\WINHTTP.dll
0x00007fffff4b0000 - 0x00007fffff51a000 	C:\WINDOWS\system32\mswsock.dll
0x00007fffdf620000 - 0x00007fffdf636000 	C:\Program Files\JetBrains\IntelliJ IDEA 2023.1\jbr\bin\nio.dll
0x00007fffff710000 - 0x00007fffff728000 	C:\WINDOWS\SYSTEM32\CRYPTSP.dll
0x00007ffffedf0000 - 0x00007ffffee24000 	C:\WINDOWS\system32\rsaenh.dll
0x00007ff8003a0000 - 0x00007ff8003c7000 	C:\WINDOWS\System32\bcrypt.dll
0x00007fffffcf0000 - 0x00007fffffd1e000 	C:\WINDOWS\SYSTEM32\USERENV.dll
0x00007fffff640000 - 0x00007fffff64c000 	C:\WINDOWS\SYSTEM32\CRYPTBASE.dll
0x00007fffff1c0000 - 0x00007fffff1fc000 	C:\WINDOWS\SYSTEM32\IPHLPAPI.DLL
0x00007ff802460000 - 0x00007ff802468000 	C:\WINDOWS\System32\NSI.dll
0x00007ffff7f20000 - 0x00007ffff7f37000 	C:\WINDOWS\SYSTEM32\dhcpcsvc6.DLL
0x00007ffff7e80000 - 0x00007ffff7e9d000 	C:\WINDOWS\SYSTEM32\dhcpcsvc.DLL
0x00007fffff200000 - 0x00007fffff2cb000 	C:\WINDOWS\SYSTEM32\DNSAPI.dll
0x00007fffdf610000 - 0x00007fffdf61e000 	C:\Program Files\JetBrains\IntelliJ IDEA 2023.1\jbr\bin\sunmscapi.dll
0x00007fffffde0000 - 0x00007ffffff36000 	C:\WINDOWS\System32\CRYPT32.dll
0x00007fffff800000 - 0x00007fffff828000 	C:\WINDOWS\SYSTEM32\ncrypt.dll
0x00007fffff7c0000 - 0x00007fffff7fb000 	C:\WINDOWS\SYSTEM32\NTASN1.dll
0x00007ffff48b0000 - 0x00007ffff48b7000 	C:\WINDOWS\system32\wshunix.dll

dbghelp: loaded successfully - version: 4.0.5 - missing functions: none
symbol engine: initialized successfully - sym options: 0x614 - pdb path: .;C:\Program Files\JetBrains\IntelliJ IDEA 2023.1\jbr\bin;C:\WINDOWS\SYSTEM32;C:\WINDOWS\WinSxS\amd64_microsoft.windows.common-controls_6595b64144ccf1df_6.0.19041.1110_none_60b5254171f9507e;C:\Program Files\JetBrains\IntelliJ IDEA 2023.1\jbr\bin\server

VM Arguments:
java_command: git4idea.http.GitAskPassApp Password for 'https://yardensepton@bitbucket.org': 
java_class_path (initial): C:/Program Files/JetBrains/IntelliJ IDEA 2023.1/plugins/vcs-git/lib/git4idea-rt.jar;C:/Program Files/JetBrains/IntelliJ IDEA 2023.1/lib/externalProcess-rt.jar
Launcher Type: SUN_STANDARD

[Global flags]
     intx CICompilerCount                          = 3                                         {product} {ergonomic}
     uint ConcGCThreads                            = 1                                         {product} {ergonomic}
     uint G1ConcRefinementThreads                  = 4                                         {product} {ergonomic}
   size_t G1HeapRegionSize                         = 2097152                                   {product} {ergonomic}
    uintx GCDrainStackTargetSize                   = 64                                        {product} {ergonomic}
   size_t InitialHeapSize                          = 266338304                                 {product} {ergonomic}
   size_t MarkStackSize                            = 4194304                                   {product} {ergonomic}
   size_t MaxHeapSize                              = 4261412864                                {product} {ergonomic}
   size_t MaxNewSize                               = 2556428288                                {product} {ergonomic}
   size_t MinHeapDeltaBytes                        = 2097152                                   {product} {ergonomic}
   size_t MinHeapSize                              = 8388608                                   {product} {ergonomic}
    uintx NonNMethodCodeHeapSize                   = 5832780                                {pd product} {ergonomic}
    uintx NonProfiledCodeHeapSize                  = 122912730                              {pd product} {ergonomic}
    uintx ProfiledCodeHeapSize                     = 122912730                              {pd product} {ergonomic}
    uintx ReservedCodeCacheSize                    = 251658240                              {pd product} {ergonomic}
     bool SegmentedCodeCache                       = true                                      {product} {ergonomic}
   size_t SoftMaxHeapSize                          = 4261412864                             {manageable} {ergonomic}
     bool UseCompressedClassPointers               = true                           {product lp64_product} {ergonomic}
     bool UseCompressedOops                        = true                           {product lp64_product} {ergonomic}
     bool UseG1GC                                  = true                                      {product} {ergonomic}
     bool UseLargePagesIndividualAllocation        = false                                  {pd product} {ergonomic}

Logging:
Log output configuration:
 #0: stdout all=warning uptime,level,tags
 #1: stderr all=off uptime,level,tags

Environment Variables:
PATH=C:\Program Files\Git\mingw64\libexec\git-core;C:\Program Files\Git\mingw64\libexec\git-core;C:\Program Files\Git\mingw64\bin;C:\Program Files\Git\usr\bin;C:\Users\yarde\bin;C:\Python311\Scripts;C:\Python311;C:\Program Files\Common Files\Oracle\Java\javapath;C:\WINDOWS\system32;C:\WINDOWS;C:\WINDOWS\System32\Wbem;C:\WINDOWS\System32\WindowsPowerShell\v1.0;C:\WINDOWS\System32\OpenSSH;C:\Program Files\Microsoft SQL Server\130\Tools\Binn;C:\Program Files\Git\cmd;C:\Program Files\CodeBlocks\MinGW\bin;C:\GnuWin32\bin;C:\Program Files\nodejs;C:\ProgramData\chocolatey\bin;C:\Program Files\Docker\Docker\resources\bin;C:\Program Files\MySQL\MySQL Shell 8.0\bin;C:\Users\yarde\AppData\Local\Microsoft\WindowsApps;C:\Users\yarde\AppData\Local\Programs\Microsoft VS Code\bin;C:\Users\yarde\AppData\Roaming\npm
USERNAME=yarde
DISPLAY=:0.0
LC_ALL=en_US.UTF-8
TERM=cygwin
TMPDIR=C:\Users\yarde\AppData\Local\Temp
OS=Windows_NT
PROCESSOR_IDENTIFIER=Intel64 Family 6 Model 142 Stepping 9, GenuineIntel
TMP=C:\Users\yarde\AppData\Local\Temp
TEMP=C:\Users\yarde\AppData\Local\Temp



---------------  S Y S T E M  ---------------

OS:
 Windows 10 , 64 bit Build 19041 (10.0.19041.2788)
OS uptime: 6 days 3:41 hours
Hyper-V role detected

CPU: total 4 (initial active 4) (2 cores per cpu, 2 threads per core) family 6 model 142 stepping 9 microcode 0xea, cx8, cmov, fxsr, ht, mmx, 3dnowpref, sse, sse2, sse3, ssse3, sse4.1, sse4.2, popcnt, lzcnt, tsc, tscinvbit, avx, avx2, aes, erms, clmul, bmi1, bmi2, adx, fma, vzeroupper, clflush, clflushopt, hv

Memory: 4k page, system-wide physical 16249M (3548M free)
TotalPageFile size 65401M (AvailPageFile size 3M)
current process WorkingSet (physical memory assigned to process): 72M, peak: 72M
current process commit charge ("private bytes"): 345M, peak: 345M

vm_info: OpenJDK 64-Bit Server VM (17.0.6+10-b829.5) for windows-amd64 JRE (17.0.6+10-b829.5), built on 2023-02-24 by "builduser" with MS VC++ 16.10 / 16.11 (VS2019)

END.
